Added Component: Designator=SW1(MX_SW-7)
Added Component: Designator=SW2(MX_SW-7)
Added Component: Designator=SW3(MX_SW-7)
Added Component: Designator=SW4(MX_SW-7)
Added Component: Designator=SW5(MX_SW-7)
Added Component: Designator=SW6(MX_SW-7)
Added Component: Designator=SW7(MX_SW-7)
Added Component: Designator=SW8(MX_SW-7)
Added Component: Designator=SW9(MX_SW-7)
Added Component: Designator=SW10(MX_SW-7)
Added Component: Designator=SW11(MX_SW-7)
Added Component: Designator=SW12(MX_SW-7)
Added Component: Designator=SW13(MX_SW-7)
Added Component: Designator=SW14(MX_SW-7)
Added Component: Designator=SW15(MX_SW-7)
Added Component: Designator=SW16(MX_SW-7)
Added Component: Designator=SW17(MX_SW-7)
Added Component: Designator=SW18(MX_SW-7)
Added Component: Designator=SW19(MX_SW-7)
Added Component: Designator=SW20(MX_SW-7)
Added Component: Designator=SW21(MX_SW-7)
Added Component: Designator=SW22(MX_SW-7)
Added Component: Designator=SW23(MX_SW-7)
Added Component: Designator=SW24(MX_SW-7)
Added Component: Designator=SW25(MX_SW-7)
Added Component: Designator=SW26(MX_SW-7)
Added Component: Designator=SW27(MX_SW-7)
Added Component: Designator=SW28(MX_SW-7)
Added Component: Designator=SW29(MX_SW-7)
Added Component: Designator=SW30(MX_SW-7)
Added Component: Designator=SW31(MX_SW-7)
Added Component: Designator=SW32(MX_SW-7)
Added Component: Designator=SW33(MX_SW-7)
Added Component: Designator=SW34(MX_SW-7)
Added Component: Designator=SW35(MX_SW-7)
Added Component: Designator=SW36(MX_SW-7)
Added Component: Designator=SW37(MX_SW-7)
Added Component: Designator=SW38(MX_SW-7)
Added Component: Designator=SW39(MX_SW-7)
Added Component: Designator=SW40(MX_SW-7)
Added Component: Designator=SW41(MX_SW-7)
Added Component: Designator=SW42(MX_SW-7)
Added Component: Designator=SW43(MX_SW-7)
Added Component: Designator=SW44(MX_SW-7)
Added Component: Designator=SW45(MX_SW-7)
Added Component: Designator=SW46(MX_SW-7)
Added Component: Designator=SW47(MX_SW-7)
Added Component: Designator=SW48(MX_SW-7)
Added Component: Designator=SW49(MX_SW-7)
Added Component: Designator=SW50(MX_SW-7)
Added Component: Designator=SW51(MX_SW-7)
Added Component: Designator=SW52(MX_SW-7)
Added Component: Designator=SW53(MX_SW-7)
Added Component: Designator=SW54(MX_SW-7)
Added Component: Designator=SW55(MX_SW-7)
Added Component: Designator=SW56(MX_SW-7)
Added Component: Designator=SW57(MX_SW-7)
Added Component: Designator=SW58(MX_SW-7)
Added Component: Designator=SW59(MX_SW-7)
Added Component: Designator=SW60(MX_SW-7)
Added Component: Designator=SW61(MX_SW-7)
Added Component: Designator=SW62(MX_SW-7)
Added Component: Designator=SW63(MX_SW-7)
Added Component: Designator=SW64(MX_SW-7)
Added Component: Designator=SW65(MX_SW-7)
Added Component: Designator=SW66(MX_SW-7)
Added Component: Designator=SW67(MX_SW-7)
Added Component: Designator=SW68(MX_SW-7)
Added Component: Designator=SW69(MX_SW-7)
Added Component: Designator=SW70(MX_SW-7)
Added Component: Designator=SW71(MX_SW-7)
Added Component: Designator=SW72(MX_SW-7)
Added Component: Designator=SW73(MX_SW-7)
Added Component: Designator=SW74(MX_SW-7)
Added Component: Designator=SW75(MX_SW-7)
Added Component: Designator=SW76(MX_SW-7)
Added Component: Designator=SW77(MX_SW-7)
Added Component: Designator=SW78(MX_SW-7)
Added Component: Designator=SW79(MX_SW-7)
Added Component: Designator=SW80(MX_SW-7)
Added Component: Designator=SW81(MX_SW-7)
Added Component: Designator=SW82(MX_SW-7)
Added Component: Designator=SW83(MX_SW-7)
Added Component: Designator=SW84(MX_SW-7)
Added Component: Designator=SW85(MX_SW-7)
Added Component: Designator=SW86(MX_SW-7)
Added Component: Designator=SW87(MX_SW-7)
Added Component: Designator=SW88(MX_SW-7)
Added Component: Designator=SW89(MX_SW-7)
Added Component: Designator=SW90(MX_SW-7)
Added Component: Designator=SW91(MX_SW-7)
Added Component: Designator=SW92(MX_SW-7)
Added Component: Designator=SW93(MX_SW-7)
Added Component: Designator=SW94(MX_SW-7)
Added Component: Designator=SW95(MX_SW-7)
Added Component: Designator=SW96(MX_SW-7)
Added Component: Designator=SW97(MX_SW-7)
Added Component: Designator=SW98(MX_SW-7)
Added Component: Designator=SW99(MX_SW-7)
Added Component: Designator=SW100(MX_SW-7)
Added Component: Designator=SW101(MX_SW-7)
Added Component: Designator=SW102(MX_SW-7)
Added Component: Designator=SW103(MX_SW-7)
Added Component: Designator=SW104(MX_SW-7)
Added Component: Designator=SW105(MX_SW-7)
Added Component: Designator=SW106(MX_SW-7)
Added Component: Designator=SW107(MX_SW-7)
Added Component: Designator=SW108(MX_SW-7)
Added Component: Designator=SW109(MX_SW-7)
Added Component: Designator=SW110(MX_SW-7)
Added Component: Designator=SW111(MX_SW-7)
Added Component: Designator=SW112(MX_SW-7)
Added Pin To Net: NetName=NetSW1_1 Pin=SW1-1
Added Pin To Net: NetName=NetSW1_1 Pin=SW2-1
Added Pin To Net: NetName=NetSW1_1 Pin=SW3-1
Added Net: Name=NetSW1_1
Added Pin To Net: NetName=NetSW1_4 Pin=SW1-4
Added Pin To Net: NetName=NetSW1_4 Pin=SW1-4
Added Pin To Net: NetName=NetSW1_4 Pin=SW17-4
Added Pin To Net: NetName=NetSW1_4 Pin=SW17-4
Added Pin To Net: NetName=NetSW1_4 Pin=SW33-4
Added Pin To Net: NetName=NetSW1_4 Pin=SW33-4
Added Net: Name=NetSW1_4
Added Pin To Net: NetName=NetSW2_4 Pin=SW2-4
Added Pin To Net: NetName=NetSW2_4 Pin=SW2-4
Added Pin To Net: NetName=NetSW2_4 Pin=SW18-4
Added Pin To Net: NetName=NetSW2_4 Pin=SW18-4
Added Net: Name=NetSW2_4
Added Pin To Net: NetName=NetSW3_2 Pin=SW3-2
Added Pin To Net: NetName=NetSW3_2 Pin=SW3-3
Added Pin To Net: NetName=NetSW3_2 Pin=SW3-3
Added Net: Name=NetSW3_2
Added Pin To Net: NetName=NetSW4_2 Pin=SW4-2
Added Pin To Net: NetName=NetSW4_2 Pin=SW4-3
Added Pin To Net: NetName=NetSW4_2 Pin=SW4-3
Added Net: Name=NetSW4_2
Added Pin To Net: NetName=NetSW5_2 Pin=SW5-2
Added Pin To Net: NetName=NetSW5_2 Pin=SW5-3
Added Pin To Net: NetName=NetSW5_2 Pin=SW5-3
Added Net: Name=NetSW5_2
Added Pin To Net: NetName=NetSW17_1 Pin=SW17-1
Added Pin To Net: NetName=NetSW17_1 Pin=SW18-1
Added Net: Name=NetSW17_1
Added Class: Name=keyboard
Added Room: Name=keyboard
