Removed Pin From Net: NetName=NetSW1_2 Pin=SW97-2
Removed Pin From Net: NetName=NetSW1_2 Pin=SW97-2
Removed Member From Class: ClassName=keyboard Member=SW97
Removed Member From Class: ClassName=keyboard Member=SW98
Removed Member From Class: ClassName=keyboard Member=SW99
Removed Member From Class: ClassName=keyboard Member=SW100
Removed Member From Class: ClassName=keyboard Member=SW101
Removed Member From Class: ClassName=keyboard Member=SW102
Removed Member From Class: ClassName=keyboard Member=SW103
Removed Member From Class: ClassName=keyboard Member=SW104
Removed Member From Class: ClassName=keyboard Member=SW105
Removed Member From Class: ClassName=keyboard Member=SW106
Removed Member From Class: ClassName=keyboard Member=SW107
Removed Member From Class: ClassName=keyboard Member=SW108
Removed Member From Class: ClassName=keyboard Member=SW109
Removed Member From Class: ClassName=keyboard Member=SW110
Removed Member From Class: ClassName=keyboard Member=SW111
Removed Member From Class: ClassName=keyboard Member=SW112
Added Pin To Net: NetName=NetSW1_1 Pin=SW4-1
Added Pin To Net: NetName=NetSW1_1 Pin=SW5-1
Added Pin To Net: NetName=NetSW1_1 Pin=SW6-1
Added Pin To Net: NetName=NetSW1_1 Pin=SW7-1
Added Pin To Net: NetName=NetSW1_1 Pin=SW8-1
Added Pin To Net: NetName=NetSW1_1 Pin=SW9-1
Added Pin To Net: NetName=NetSW1_1 Pin=SW10-1
Added Pin To Net: NetName=NetSW1_1 Pin=SW11-1
Added Pin To Net: NetName=NetSW1_1 Pin=SW12-1
Added Pin To Net: NetName=NetSW1_1 Pin=SW13-1
Added Pin To Net: NetName=NetSW1_1 Pin=SW14-1
Added Pin To Net: NetName=NetSW1_1 Pin=SW15-1
Added Pin To Net: NetName=NetSW1_1 Pin=SW16-1
Change Net Name : Old Net Name=NetSW1_1 New Net Name=ROW1
Change Net Name : Old Net Name=NetSW1_2 New Net Name=COL1
Added Pin To Net: NetName=COL2 Pin=SW2-2
Added Pin To Net: NetName=COL2 Pin=SW2-2
Added Pin To Net: NetName=COL2 Pin=SW18-2
Added Pin To Net: NetName=COL2 Pin=SW18-2
Added Pin To Net: NetName=COL2 Pin=SW34-2
Added Pin To Net: NetName=COL2 Pin=SW34-2
Added Pin To Net: NetName=COL2 Pin=SW50-2
Added Pin To Net: NetName=COL2 Pin=SW50-2
Added Pin To Net: NetName=COL2 Pin=SW66-2
Added Pin To Net: NetName=COL2 Pin=SW66-2
Added Pin To Net: NetName=COL2 Pin=SW82-2
Added Pin To Net: NetName=COL2 Pin=SW82-2
Added Net: Name=COL2
Added Pin To Net: NetName=COL3 Pin=SW3-2
Added Pin To Net: NetName=COL3 Pin=SW3-2
Added Pin To Net: NetName=COL3 Pin=SW19-2
Added Pin To Net: NetName=COL3 Pin=SW19-2
Added Pin To Net: NetName=COL3 Pin=SW35-2
Added Pin To Net: NetName=COL3 Pin=SW35-2
Added Pin To Net: NetName=COL3 Pin=SW51-2
Added Pin To Net: NetName=COL3 Pin=SW51-2
Added Pin To Net: NetName=COL3 Pin=SW67-2
Added Pin To Net: NetName=COL3 Pin=SW67-2
Added Pin To Net: NetName=COL3 Pin=SW83-2
Added Pin To Net: NetName=COL3 Pin=SW83-2
Added Net: Name=COL3
Added Pin To Net: NetName=COL4 Pin=SW4-2
Added Pin To Net: NetName=COL4 Pin=SW4-2
Added Pin To Net: NetName=COL4 Pin=SW20-2
Added Pin To Net: NetName=COL4 Pin=SW20-2
Added Pin To Net: NetName=COL4 Pin=SW36-2
Added Pin To Net: NetName=COL4 Pin=SW36-2
Added Pin To Net: NetName=COL4 Pin=SW52-2
Added Pin To Net: NetName=COL4 Pin=SW52-2
Added Pin To Net: NetName=COL4 Pin=SW68-2
Added Pin To Net: NetName=COL4 Pin=SW68-2
Added Pin To Net: NetName=COL4 Pin=SW84-2
Added Pin To Net: NetName=COL4 Pin=SW84-2
Added Net: Name=COL4
Added Pin To Net: NetName=COL5 Pin=SW5-2
Added Pin To Net: NetName=COL5 Pin=SW5-2
Added Pin To Net: NetName=COL5 Pin=SW21-2
Added Pin To Net: NetName=COL5 Pin=SW21-2
Added Pin To Net: NetName=COL5 Pin=SW37-2
Added Pin To Net: NetName=COL5 Pin=SW37-2
Added Pin To Net: NetName=COL5 Pin=SW53-2
Added Pin To Net: NetName=COL5 Pin=SW53-2
Added Pin To Net: NetName=COL5 Pin=SW69-2
Added Pin To Net: NetName=COL5 Pin=SW69-2
Added Pin To Net: NetName=COL5 Pin=SW85-2
Added Pin To Net: NetName=COL5 Pin=SW85-2
Added Net: Name=COL5
Added Pin To Net: NetName=COL6 Pin=SW6-2
Added Pin To Net: NetName=COL6 Pin=SW6-2
Added Pin To Net: NetName=COL6 Pin=SW22-2
Added Pin To Net: NetName=COL6 Pin=SW22-2
Added Pin To Net: NetName=COL6 Pin=SW38-2
Added Pin To Net: NetName=COL6 Pin=SW38-2
Added Pin To Net: NetName=COL6 Pin=SW54-2
Added Pin To Net: NetName=COL6 Pin=SW54-2
Added Pin To Net: NetName=COL6 Pin=SW70-2
Added Pin To Net: NetName=COL6 Pin=SW70-2
Added Pin To Net: NetName=COL6 Pin=SW86-2
Added Pin To Net: NetName=COL6 Pin=SW86-2
Added Net: Name=COL6
Added Pin To Net: NetName=COL7 Pin=SW7-2
Added Pin To Net: NetName=COL7 Pin=SW7-2
Added Pin To Net: NetName=COL7 Pin=SW23-2
Added Pin To Net: NetName=COL7 Pin=SW23-2
Added Pin To Net: NetName=COL7 Pin=SW39-2
Added Pin To Net: NetName=COL7 Pin=SW39-2
Added Pin To Net: NetName=COL7 Pin=SW55-2
Added Pin To Net: NetName=COL7 Pin=SW55-2
Added Pin To Net: NetName=COL7 Pin=SW71-2
Added Pin To Net: NetName=COL7 Pin=SW71-2
Added Pin To Net: NetName=COL7 Pin=SW87-2
Added Pin To Net: NetName=COL7 Pin=SW87-2
Added Net: Name=COL7
Added Pin To Net: NetName=COL8 Pin=SW8-2
Added Pin To Net: NetName=COL8 Pin=SW8-2
Added Pin To Net: NetName=COL8 Pin=SW24-2
Added Pin To Net: NetName=COL8 Pin=SW24-2
Added Pin To Net: NetName=COL8 Pin=SW40-2
Added Pin To Net: NetName=COL8 Pin=SW40-2
Added Pin To Net: NetName=COL8 Pin=SW56-2
Added Pin To Net: NetName=COL8 Pin=SW56-2
Added Pin To Net: NetName=COL8 Pin=SW72-2
Added Pin To Net: NetName=COL8 Pin=SW72-2
Added Pin To Net: NetName=COL8 Pin=SW88-2
Added Pin To Net: NetName=COL8 Pin=SW88-2
Added Net: Name=COL8
Added Pin To Net: NetName=COL9 Pin=SW9-2
Added Pin To Net: NetName=COL9 Pin=SW9-2
Added Pin To Net: NetName=COL9 Pin=SW25-2
Added Pin To Net: NetName=COL9 Pin=SW25-2
Added Pin To Net: NetName=COL9 Pin=SW41-2
Added Pin To Net: NetName=COL9 Pin=SW41-2
Added Pin To Net: NetName=COL9 Pin=SW57-2
Added Pin To Net: NetName=COL9 Pin=SW57-2
Added Pin To Net: NetName=COL9 Pin=SW73-2
Added Pin To Net: NetName=COL9 Pin=SW73-2
Added Pin To Net: NetName=COL9 Pin=SW89-2
Added Pin To Net: NetName=COL9 Pin=SW89-2
Added Net: Name=COL9
Added Pin To Net: NetName=COL10 Pin=SW10-2
Added Pin To Net: NetName=COL10 Pin=SW10-2
Added Pin To Net: NetName=COL10 Pin=SW26-2
Added Pin To Net: NetName=COL10 Pin=SW26-2
Added Pin To Net: NetName=COL10 Pin=SW42-2
Added Pin To Net: NetName=COL10 Pin=SW42-2
Added Pin To Net: NetName=COL10 Pin=SW58-2
Added Pin To Net: NetName=COL10 Pin=SW58-2
Added Pin To Net: NetName=COL10 Pin=SW74-2
Added Pin To Net: NetName=COL10 Pin=SW74-2
Added Pin To Net: NetName=COL10 Pin=SW90-2
Added Pin To Net: NetName=COL10 Pin=SW90-2
Added Net: Name=COL10
Added Pin To Net: NetName=COL11 Pin=SW11-2
Added Pin To Net: NetName=COL11 Pin=SW11-2
Added Pin To Net: NetName=COL11 Pin=SW27-2
Added Pin To Net: NetName=COL11 Pin=SW27-2
Added Pin To Net: NetName=COL11 Pin=SW43-2
Added Pin To Net: NetName=COL11 Pin=SW43-2
Added Pin To Net: NetName=COL11 Pin=SW59-2
Added Pin To Net: NetName=COL11 Pin=SW59-2
Added Pin To Net: NetName=COL11 Pin=SW75-2
Added Pin To Net: NetName=COL11 Pin=SW75-2
Added Pin To Net: NetName=COL11 Pin=SW91-2
Added Pin To Net: NetName=COL11 Pin=SW91-2
Added Net: Name=COL11
Added Pin To Net: NetName=COL12 Pin=SW12-2
Added Pin To Net: NetName=COL12 Pin=SW12-2
Added Pin To Net: NetName=COL12 Pin=SW28-2
Added Pin To Net: NetName=COL12 Pin=SW28-2
Added Pin To Net: NetName=COL12 Pin=SW44-2
Added Pin To Net: NetName=COL12 Pin=SW44-2
Added Pin To Net: NetName=COL12 Pin=SW60-2
Added Pin To Net: NetName=COL12 Pin=SW60-2
Added Pin To Net: NetName=COL12 Pin=SW76-2
Added Pin To Net: NetName=COL12 Pin=SW76-2
Added Pin To Net: NetName=COL12 Pin=SW92-2
Added Pin To Net: NetName=COL12 Pin=SW92-2
Added Net: Name=COL12
Added Pin To Net: NetName=COL13 Pin=SW13-2
Added Pin To Net: NetName=COL13 Pin=SW13-2
Added Pin To Net: NetName=COL13 Pin=SW29-2
Added Pin To Net: NetName=COL13 Pin=SW29-2
Added Pin To Net: NetName=COL13 Pin=SW45-2
Added Pin To Net: NetName=COL13 Pin=SW45-2
Added Pin To Net: NetName=COL13 Pin=SW61-2
Added Pin To Net: NetName=COL13 Pin=SW61-2
Added Pin To Net: NetName=COL13 Pin=SW77-2
Added Pin To Net: NetName=COL13 Pin=SW77-2
Added Pin To Net: NetName=COL13 Pin=SW93-2
Added Pin To Net: NetName=COL13 Pin=SW93-2
Added Net: Name=COL13
Added Pin To Net: NetName=COL14 Pin=SW14-2
Added Pin To Net: NetName=COL14 Pin=SW14-2
Added Pin To Net: NetName=COL14 Pin=SW30-2
Added Pin To Net: NetName=COL14 Pin=SW30-2
Added Pin To Net: NetName=COL14 Pin=SW46-2
Added Pin To Net: NetName=COL14 Pin=SW46-2
Added Pin To Net: NetName=COL14 Pin=SW62-2
Added Pin To Net: NetName=COL14 Pin=SW62-2
Added Pin To Net: NetName=COL14 Pin=SW78-2
Added Pin To Net: NetName=COL14 Pin=SW78-2
Added Pin To Net: NetName=COL14 Pin=SW94-2
Added Pin To Net: NetName=COL14 Pin=SW94-2
Added Net: Name=COL14
Added Pin To Net: NetName=COL15 Pin=SW15-2
Added Pin To Net: NetName=COL15 Pin=SW15-2
Added Pin To Net: NetName=COL15 Pin=SW31-2
Added Pin To Net: NetName=COL15 Pin=SW31-2
Added Pin To Net: NetName=COL15 Pin=SW47-2
Added Pin To Net: NetName=COL15 Pin=SW47-2
Added Pin To Net: NetName=COL15 Pin=SW63-2
Added Pin To Net: NetName=COL15 Pin=SW63-2
Added Pin To Net: NetName=COL15 Pin=SW79-2
Added Pin To Net: NetName=COL15 Pin=SW79-2
Added Pin To Net: NetName=COL15 Pin=SW95-2
Added Pin To Net: NetName=COL15 Pin=SW95-2
Added Net: Name=COL15
Added Pin To Net: NetName=COL16 Pin=SW16-2
Added Pin To Net: NetName=COL16 Pin=SW16-2
Added Pin To Net: NetName=COL16 Pin=SW32-2
Added Pin To Net: NetName=COL16 Pin=SW32-2
Added Pin To Net: NetName=COL16 Pin=SW48-2
Added Pin To Net: NetName=COL16 Pin=SW48-2
Added Pin To Net: NetName=COL16 Pin=SW64-2
Added Pin To Net: NetName=COL16 Pin=SW64-2
Added Pin To Net: NetName=COL16 Pin=SW80-2
Added Pin To Net: NetName=COL16 Pin=SW80-2
Added Pin To Net: NetName=COL16 Pin=SW96-2
Added Pin To Net: NetName=COL16 Pin=SW96-2
Added Net: Name=COL16
Added Pin To Net: NetName=ROW2 Pin=SW17-1
Added Pin To Net: NetName=ROW2 Pin=SW18-1
Added Pin To Net: NetName=ROW2 Pin=SW19-1
Added Pin To Net: NetName=ROW2 Pin=SW20-1
Added Pin To Net: NetName=ROW2 Pin=SW21-1
Added Pin To Net: NetName=ROW2 Pin=SW22-1
Added Pin To Net: NetName=ROW2 Pin=SW23-1
Added Pin To Net: NetName=ROW2 Pin=SW24-1
Added Pin To Net: NetName=ROW2 Pin=SW25-1
Added Pin To Net: NetName=ROW2 Pin=SW26-1
Added Pin To Net: NetName=ROW2 Pin=SW27-1
Added Pin To Net: NetName=ROW2 Pin=SW28-1
Added Pin To Net: NetName=ROW2 Pin=SW29-1
Added Pin To Net: NetName=ROW2 Pin=SW30-1
Added Pin To Net: NetName=ROW2 Pin=SW31-1
Added Pin To Net: NetName=ROW2 Pin=SW32-1
Added Net: Name=ROW2
Added Pin To Net: NetName=ROW3 Pin=SW33-1
Added Pin To Net: NetName=ROW3 Pin=SW34-1
Added Pin To Net: NetName=ROW3 Pin=SW35-1
Added Pin To Net: NetName=ROW3 Pin=SW36-1
Added Pin To Net: NetName=ROW3 Pin=SW37-1
Added Pin To Net: NetName=ROW3 Pin=SW38-1
Added Pin To Net: NetName=ROW3 Pin=SW39-1
Added Pin To Net: NetName=ROW3 Pin=SW40-1
Added Pin To Net: NetName=ROW3 Pin=SW41-1
Added Pin To Net: NetName=ROW3 Pin=SW42-1
Added Pin To Net: NetName=ROW3 Pin=SW43-1
Added Pin To Net: NetName=ROW3 Pin=SW44-1
Added Pin To Net: NetName=ROW3 Pin=SW45-1
Added Net: Name=ROW3
Added Pin To Net: NetName=ROW4 Pin=SW49-1
Added Pin To Net: NetName=ROW4 Pin=SW50-1
Added Pin To Net: NetName=ROW4 Pin=SW51-1
Added Pin To Net: NetName=ROW4 Pin=SW52-1
Added Pin To Net: NetName=ROW4 Pin=SW53-1
Added Pin To Net: NetName=ROW4 Pin=SW54-1
Added Pin To Net: NetName=ROW4 Pin=SW55-1
Added Pin To Net: NetName=ROW4 Pin=SW56-1
Added Pin To Net: NetName=ROW4 Pin=SW57-1
Added Pin To Net: NetName=ROW4 Pin=SW58-1
Added Pin To Net: NetName=ROW4 Pin=SW59-1
Added Pin To Net: NetName=ROW4 Pin=SW60-1
Added Pin To Net: NetName=ROW4 Pin=SW61-1
Added Pin To Net: NetName=ROW4 Pin=SW62-1
Added Pin To Net: NetName=ROW4 Pin=SW63-1
Added Pin To Net: NetName=ROW4 Pin=SW64-1
Added Net: Name=ROW4
Added Pin To Net: NetName=ROW5 Pin=SW65-1
Added Pin To Net: NetName=ROW5 Pin=SW66-1
Added Pin To Net: NetName=ROW5 Pin=SW67-1
Added Pin To Net: NetName=ROW5 Pin=SW68-1
Added Pin To Net: NetName=ROW5 Pin=SW69-1
Added Pin To Net: NetName=ROW5 Pin=SW70-1
Added Pin To Net: NetName=ROW5 Pin=SW71-1
Added Pin To Net: NetName=ROW5 Pin=SW72-1
Added Pin To Net: NetName=ROW5 Pin=SW73-1
Added Pin To Net: NetName=ROW5 Pin=SW74-1
Added Pin To Net: NetName=ROW5 Pin=SW75-1
Added Pin To Net: NetName=ROW5 Pin=SW76-1
Added Pin To Net: NetName=ROW5 Pin=SW77-1
Added Pin To Net: NetName=ROW5 Pin=SW78-1
Added Pin To Net: NetName=ROW5 Pin=SW79-1
Added Pin To Net: NetName=ROW5 Pin=SW80-1
Added Net: Name=ROW5
Added Pin To Net: NetName=ROW6 Pin=SW81-1
Added Pin To Net: NetName=ROW6 Pin=SW82-1
Added Pin To Net: NetName=ROW6 Pin=SW83-1
Added Pin To Net: NetName=ROW6 Pin=SW84-1
Added Pin To Net: NetName=ROW6 Pin=SW85-1
Added Pin To Net: NetName=ROW6 Pin=SW86-1
Added Pin To Net: NetName=ROW6 Pin=SW87-1
Added Pin To Net: NetName=ROW6 Pin=SW88-1
Added Pin To Net: NetName=ROW6 Pin=SW89-1
Added Pin To Net: NetName=ROW6 Pin=SW90-1
Added Pin To Net: NetName=ROW6 Pin=SW91-1
Added Pin To Net: NetName=ROW6 Pin=SW92-1
Added Pin To Net: NetName=ROW6 Pin=SW93-1
Added Pin To Net: NetName=ROW6 Pin=SW94-1
Added Pin To Net: NetName=ROW6 Pin=SW95-1
Added Pin To Net: NetName=ROW6 Pin=SW96-1
Added Net: Name=ROW6
