Removed Pin From Net: NetName=col15 Pin=FPC1-1
Removed Pin From Net: NetName=PC2 Pin=FPC1-2
Removed Pin From Net: NetName=VCC Pin=FPC1-3
Removed Pin From Net: NetName=VCC Pin=FPC1-4
Removed Pin From Net: NetName=PC1 Pin=FPC1-5
Removed Pin From Net: NetName=PC0 Pin=FPC1-6
Removed Pin From Net: NetName=VBUS Pin=FPC1-7
Removed Pin From Net: NetName=VBAT Pin=FPC1-8
Removed Pin From Net: NetName=PC6 Pin=FPC1-9
Removed Pin From Net: NetName=col0 Pin=FPC1-10
Removed Pin From Net: NetName=col1 Pin=FPC1-11
Removed Pin From Net: NetName=col2 Pin=FPC1-12
Removed Pin From Net: NetName=col8 Pin=FPC1-16
Removed Pin From Net: NetName=col3 Pin=FPC1-21
Removed Pin From Net: NetName=col15 Pin=FPC1-25
Removed Pin From Net: NetName=RGB_CTL Pin=FPC1-27
Removed Pin From Net: NetName=PC10 Pin=FPC1-29
Removed Pin From Net: NetName=PC11 Pin=FPC1-30
Removed Pin From Net: NetName=USB_DP Pin=FPC1-31
Removed Pin From Net: NetName=USB_DM Pin=FPC1-32
Removed Pin From Net: NetName=GND Pin=FPC1-35
Removed Pin From Net: NetName=GND Pin=FPC1-36
Removed Pin From Net: NetName=VCC Pin=FPC2-31
Removed Pin From Net: NetName=VCC Pin=FPC2-32
Removed Pin From Net: NetName=VCC Pin=FPC2-33
Removed Pin From Net: NetName=GND Pin=FPC2-34
Removed Pin From Net: NetName=GND Pin=FPC2-35
Removed Pin From Net: NetName=GND Pin=FPC2-36
Added Pin To Net: NetName=GND Pin=FPC1-1
Added Pin To Net: NetName=GND Pin=FPC1-2
Added Pin To Net: NetName=USB_DM Pin=FPC1-5
Added Pin To Net: NetName=USB_DP Pin=FPC1-6
Added Pin To Net: NetName=PC11 Pin=FPC1-7
Added Pin To Net: NetName=PC10 Pin=FPC1-8
Added Pin To Net: NetName=RGB_CTL Pin=FPC1-10
Added Pin To Net: NetName=col15 Pin=FPC1-12
Added Pin To Net: NetName=col3 Pin=FPC1-16
Added Pin To Net: NetName=col8 Pin=FPC1-21
Added Pin To Net: NetName=col2 Pin=FPC1-25
Added Pin To Net: NetName=col1 Pin=FPC1-26
Added Pin To Net: NetName=col0 Pin=FPC1-27
Added Pin To Net: NetName=PC6 Pin=FPC1-28
Added Pin To Net: NetName=VBAT Pin=FPC1-29
Added Pin To Net: NetName=VBUS Pin=FPC1-30
Added Pin To Net: NetName=PC0 Pin=FPC1-31
Added Pin To Net: NetName=PC1 Pin=FPC1-32
Added Pin To Net: NetName=VCC Pin=FPC1-33
Added Pin To Net: NetName=VCC Pin=FPC1-34
Added Pin To Net: NetName=PC2 Pin=FPC1-35
Added Pin To Net: NetName=col15 Pin=FPC1-36
Change Net Name : Old Net Name=COL4 New Net Name=col7
Change Net Name : Old Net Name=COL5 New Net Name=col6
Change Net Name : Old Net Name=COL6 New Net Name=col5
Change Net Name : Old Net Name=COL7 New Net Name=col4
Change Net Name : Old Net Name=COL9 New Net Name=col12
Change Net Name : Old Net Name=COL10 New Net Name=col14
Change Net Name : Old Net Name=COL11 New Net Name=col13
Change Net Name : Old Net Name=COL12 New Net Name=col9
Change Net Name : Old Net Name=COL13 New Net Name=col11
Change Net Name : Old Net Name=COL14 New Net Name=col10
