Added Component: Designator=SW1(MX_SW-7)
Add component. Clean all parameters for all variants
Added Component: Designator=SW2(MX_SW-7)
Add component. Clean all parameters for all variants
Added Component: Designator=SW3(MX_SW-7)
Add component. Clean all parameters for all variants
Added Component: Designator=SW4(MX_SW-7)
Add component. Clean all parameters for all variants
Added Component: Designator=SW17(MX_SW-7)
Add component. Clean all parameters for all variants
Added Component: Designator=SW18(MX_SW-7)
Add component. Clean all parameters for all variants
Added Component: Designator=SW19(MX_SW-7)
Add component. Clean all parameters for all variants
Added Component: Designator=SW20(MX_SW-7)
Add component. Clean all parameters for all variants
Added Component: Designator=SW33(MX_SW-7)
Add component. Clean all parameters for all variants
Added Component: Designator=SW34(MX_SW-7)
Add component. Clean all parameters for all variants
Added Component: Designator=SW35(MX_SW-7)
Add component. Clean all parameters for all variants
Added Component: Designator=SW36(MX_SW-7)
Add component. Clean all parameters for all variants
Added Component: Designator=SW49(MX_SW-7)
Add component. Clean all parameters for all variants
Added Component: Designator=SW50(MX_SW-7)
Add component. Clean all parameters for all variants
Added Component: Designator=SW51(MX_SW-7)
Add component. Clean all parameters for all variants
Added Component: Designator=SW65(MX_SW-7)
Add component. Clean all parameters for all variants
Added Component: Designator=SW66(MX_SW-7)
Add component. Clean all parameters for all variants
Added Pin To Net: NetName=PC11 Pin=SW1-1
Added Pin To Net: NetName=NetSW1_2 Pin=SW1-2
Added Pin To Net: NetName=NetSW1_2 Pin=SW1-3
Added Pin To Net: NetName=col0 Pin=SW1-4
Added Pin To Net: NetName=VCC Pin=SW1-5
Added Pin To Net: NetName=VCC Pin=SW1-5
Added Pin To Net: NetName=NetSW1_6 Pin=SW1-6
Added Pin To Net: NetName=GND Pin=SW1-7
Added Pin To Net: NetName=GND Pin=SW1-7
Added Pin To Net: NetName=RGB Pin=SW1-8
Added Pin To Net: NetName=PC11 Pin=SW2-1
Added Pin To Net: NetName=NetSW2_2 Pin=SW2-2
Added Pin To Net: NetName=NetSW2_2 Pin=SW2-3
Added Pin To Net: NetName=col1 Pin=SW2-4
Added Pin To Net: NetName=VCC Pin=SW2-5
Added Pin To Net: NetName=VCC Pin=SW2-5
Added Pin To Net: NetName=NetSW2_6 Pin=SW2-6
Added Pin To Net: NetName=GND Pin=SW2-7
Added Pin To Net: NetName=GND Pin=SW2-7
Added Pin To Net: NetName=NetSW1_6 Pin=SW2-8
Added Pin To Net: NetName=PC11 Pin=SW3-1
Added Pin To Net: NetName=NetSW3_2 Pin=SW3-2
Added Pin To Net: NetName=NetSW3_2 Pin=SW3-3
Added Pin To Net: NetName=col2 Pin=SW3-4
Added Pin To Net: NetName=VCC Pin=SW3-5
Added Pin To Net: NetName=VCC Pin=SW3-5
Added Pin To Net: NetName=NetSW3_6 Pin=SW3-6
Added Pin To Net: NetName=GND Pin=SW3-7
Added Pin To Net: NetName=GND Pin=SW3-7
Added Pin To Net: NetName=NetSW2_6 Pin=SW3-8
Added Pin To Net: NetName=PC11 Pin=SW4-1
Added Pin To Net: NetName=NetSW4_2 Pin=SW4-2
Added Pin To Net: NetName=NetSW4_2 Pin=SW4-3
Added Pin To Net: NetName=col3 Pin=SW4-4
Added Pin To Net: NetName=VCC Pin=SW4-5
Added Pin To Net: NetName=VCC Pin=SW4-5
Added Pin To Net: NetName=NetSW4_6 Pin=SW4-6
Added Pin To Net: NetName=GND Pin=SW4-7
Added Pin To Net: NetName=GND Pin=SW4-7
Added Pin To Net: NetName=NetSW3_6 Pin=SW4-8
Added Pin To Net: NetName=PC10 Pin=SW17-1
Added Pin To Net: NetName=NetSW17_2 Pin=SW17-2
Added Pin To Net: NetName=NetSW17_2 Pin=SW17-3
Added Pin To Net: NetName=col0 Pin=SW17-4
Added Pin To Net: NetName=VCC Pin=SW17-5
Added Pin To Net: NetName=VCC Pin=SW17-5
Added Pin To Net: NetName=NetSW17_6 Pin=SW17-6
Added Pin To Net: NetName=GND Pin=SW17-7
Added Pin To Net: NetName=GND Pin=SW17-7
Added Pin To Net: NetName=NetSW4_6 Pin=SW17-8
Added Pin To Net: NetName=PC10 Pin=SW18-1
Added Pin To Net: NetName=NetSW18_2 Pin=SW18-2
Added Pin To Net: NetName=NetSW18_2 Pin=SW18-3
Added Pin To Net: NetName=col1 Pin=SW18-4
Added Pin To Net: NetName=VCC Pin=SW18-5
Added Pin To Net: NetName=VCC Pin=SW18-5
Added Pin To Net: NetName=NetSW18_6 Pin=SW18-6
Added Pin To Net: NetName=GND Pin=SW18-7
Added Pin To Net: NetName=GND Pin=SW18-7
Added Pin To Net: NetName=NetSW17_6 Pin=SW18-8
Added Pin To Net: NetName=PC10 Pin=SW19-1
Added Pin To Net: NetName=NetSW19_2 Pin=SW19-2
Added Pin To Net: NetName=NetSW19_2 Pin=SW19-3
Added Pin To Net: NetName=col2 Pin=SW19-4
Added Pin To Net: NetName=VCC Pin=SW19-5
Added Pin To Net: NetName=VCC Pin=SW19-5
Added Pin To Net: NetName=NetSW19_6 Pin=SW19-6
Added Pin To Net: NetName=GND Pin=SW19-7
Added Pin To Net: NetName=GND Pin=SW19-7
Added Pin To Net: NetName=NetSW18_6 Pin=SW19-8
Added Pin To Net: NetName=PC10 Pin=SW20-1
Added Pin To Net: NetName=NetSW20_2 Pin=SW20-2
Added Pin To Net: NetName=NetSW20_2 Pin=SW20-3
Added Pin To Net: NetName=col3 Pin=SW20-4
Added Pin To Net: NetName=VCC Pin=SW20-5
Added Pin To Net: NetName=VCC Pin=SW20-5
Added Pin To Net: NetName=NetSW20_6 Pin=SW20-6
Added Pin To Net: NetName=GND Pin=SW20-7
Added Pin To Net: NetName=GND Pin=SW20-7
Added Pin To Net: NetName=NetSW19_6 Pin=SW20-8
Added Pin To Net: NetName=PC6 Pin=SW33-1
Added Pin To Net: NetName=NetSW33_2 Pin=SW33-2
Added Pin To Net: NetName=NetSW33_2 Pin=SW33-3
Added Pin To Net: NetName=col0 Pin=SW33-4
Added Pin To Net: NetName=VCC Pin=SW33-5
Added Pin To Net: NetName=VCC Pin=SW33-5
Added Pin To Net: NetName=NetSW33_6 Pin=SW33-6
Added Pin To Net: NetName=GND Pin=SW33-7
Added Pin To Net: NetName=GND Pin=SW33-7
Added Pin To Net: NetName=NetSW20_6 Pin=SW33-8
Added Pin To Net: NetName=PC6 Pin=SW34-1
Added Pin To Net: NetName=NetSW34_2 Pin=SW34-2
Added Pin To Net: NetName=NetSW34_2 Pin=SW34-3
Added Pin To Net: NetName=col1 Pin=SW34-4
Added Pin To Net: NetName=VCC Pin=SW34-5
Added Pin To Net: NetName=VCC Pin=SW34-5
Added Pin To Net: NetName=NetSW34_6 Pin=SW34-6
Added Pin To Net: NetName=GND Pin=SW34-7
Added Pin To Net: NetName=GND Pin=SW34-7
Added Pin To Net: NetName=NetSW33_6 Pin=SW34-8
Added Pin To Net: NetName=PC6 Pin=SW35-1
Added Pin To Net: NetName=NetSW35_2 Pin=SW35-2
Added Pin To Net: NetName=NetSW35_2 Pin=SW35-3
Added Pin To Net: NetName=col2 Pin=SW35-4
Added Pin To Net: NetName=VCC Pin=SW35-5
Added Pin To Net: NetName=VCC Pin=SW35-5
Added Pin To Net: NetName=NetSW35_6 Pin=SW35-6
Added Pin To Net: NetName=GND Pin=SW35-7
Added Pin To Net: NetName=GND Pin=SW35-7
Added Pin To Net: NetName=NetSW34_6 Pin=SW35-8
Added Pin To Net: NetName=PC6 Pin=SW36-1
Added Pin To Net: NetName=NetSW36_2 Pin=SW36-2
Added Pin To Net: NetName=NetSW36_2 Pin=SW36-3
Added Pin To Net: NetName=col3 Pin=SW36-4
Added Pin To Net: NetName=VCC Pin=SW36-5
Added Pin To Net: NetName=VCC Pin=SW36-5
Added Pin To Net: NetName=NetSW36_6 Pin=SW36-6
Added Pin To Net: NetName=GND Pin=SW36-7
Added Pin To Net: NetName=GND Pin=SW36-7
Added Pin To Net: NetName=NetSW35_6 Pin=SW36-8
Added Pin To Net: NetName=PC0 Pin=SW49-1
Added Pin To Net: NetName=NetSW49_2 Pin=SW49-2
Added Pin To Net: NetName=NetSW49_2 Pin=SW49-3
Added Pin To Net: NetName=col0 Pin=SW49-4
Added Pin To Net: NetName=VCC Pin=SW49-5
Added Pin To Net: NetName=VCC Pin=SW49-5
Added Pin To Net: NetName=NetSW49_6 Pin=SW49-6
Added Pin To Net: NetName=GND Pin=SW49-7
Added Pin To Net: NetName=GND Pin=SW49-7
Added Pin To Net: NetName=NetSW36_6 Pin=SW49-8
Added Pin To Net: NetName=PC0 Pin=SW50-1
Added Pin To Net: NetName=NetSW50_2 Pin=SW50-2
Added Pin To Net: NetName=NetSW50_2 Pin=SW50-3
Added Pin To Net: NetName=col1 Pin=SW50-4
Added Pin To Net: NetName=VCC Pin=SW50-5
Added Pin To Net: NetName=VCC Pin=SW50-5
Added Pin To Net: NetName=NetSW50_6 Pin=SW50-6
Added Pin To Net: NetName=GND Pin=SW50-7
Added Pin To Net: NetName=GND Pin=SW50-7
Added Pin To Net: NetName=NetSW49_6 Pin=SW50-8
Added Pin To Net: NetName=PC0 Pin=SW51-1
Added Pin To Net: NetName=NetSW51_2 Pin=SW51-2
Added Pin To Net: NetName=NetSW51_2 Pin=SW51-3
Added Pin To Net: NetName=col2 Pin=SW51-4
Added Pin To Net: NetName=VCC Pin=SW51-5
Added Pin To Net: NetName=VCC Pin=SW51-5
Added Pin To Net: NetName=NetSW51_6 Pin=SW51-6
Added Pin To Net: NetName=GND Pin=SW51-7
Added Pin To Net: NetName=GND Pin=SW51-7
Added Pin To Net: NetName=NetSW50_6 Pin=SW51-8
Added Pin To Net: NetName=PC1 Pin=SW65-1
Added Pin To Net: NetName=NetSW65_2 Pin=SW65-2
Added Pin To Net: NetName=NetSW65_2 Pin=SW65-3
Added Pin To Net: NetName=col0 Pin=SW65-4
Added Pin To Net: NetName=VCC Pin=SW65-5
Added Pin To Net: NetName=VCC Pin=SW65-5
Added Pin To Net: NetName=NetSW65_6 Pin=SW65-6
Added Pin To Net: NetName=GND Pin=SW65-7
Added Pin To Net: NetName=GND Pin=SW65-7
Added Pin To Net: NetName=NetSW51_6 Pin=SW65-8
Added Pin To Net: NetName=PC1 Pin=SW66-1
Added Pin To Net: NetName=NetSW66_2 Pin=SW66-2
Added Pin To Net: NetName=NetSW66_2 Pin=SW66-3
Added Pin To Net: NetName=col1 Pin=SW66-4
Added Pin To Net: NetName=VCC Pin=SW66-5
Added Pin To Net: NetName=VCC Pin=SW66-5
Added Pin To Net: NetName=GND Pin=SW66-7
Added Pin To Net: NetName=GND Pin=SW66-7
Added Pin To Net: NetName=NetSW65_6 Pin=SW66-8
Added Member To Class: ClassName=keyboard Member=Component SW1 MX_SW
Added Member To Class: ClassName=keyboard Member=Component SW2 MX_SW
Added Member To Class: ClassName=keyboard Member=Component SW3 MX_SW
Added Member To Class: ClassName=keyboard Member=Component SW4 MX_SW
Added Member To Class: ClassName=keyboard Member=Component SW17 MX_SW
Added Member To Class: ClassName=keyboard Member=Component SW18 MX_SW
Added Member To Class: ClassName=keyboard Member=Component SW19 MX_SW
Added Member To Class: ClassName=keyboard Member=Component SW20 MX_SW
Added Member To Class: ClassName=keyboard Member=Component SW33 MX_SW
Added Member To Class: ClassName=keyboard Member=Component SW34 MX_SW
Added Member To Class: ClassName=keyboard Member=Component SW35 MX_SW
Added Member To Class: ClassName=keyboard Member=Component SW36 MX_SW
Added Member To Class: ClassName=keyboard Member=Component SW49 MX_SW
Added Member To Class: ClassName=keyboard Member=Component SW50 MX_SW
Added Member To Class: ClassName=keyboard Member=Component SW51 MX_SW
Added Member To Class: ClassName=keyboard Member=Component SW65 MX_SW
Added Member To Class: ClassName=keyboard Member=Component SW66 MX_SW
