Removed Pin From Net: NetName=COL1 Pin=SW1-2
Removed Pin From Net: NetName=COL1 Pin=SW1-2
Removed Pin From Net: NetName=COL2 Pin=SW2-2
Removed Pin From Net: NetName=COL2 Pin=SW2-2
Removed Pin From Net: NetName=COL3 Pin=SW3-2
Removed Pin From Net: NetName=COL3 Pin=SW3-2
Removed Pin From Net: NetName=COL4 Pin=SW4-2
Removed Pin From Net: NetName=COL4 Pin=SW4-2
Removed Pin From Net: NetName=COL5 Pin=SW5-2
Removed Pin From Net: NetName=COL5 Pin=SW5-2
Removed Pin From Net: NetName=COL6 Pin=SW6-2
Removed Pin From Net: NetName=COL6 Pin=SW6-2
Removed Pin From Net: NetName=COL7 Pin=SW7-2
Removed Pin From Net: NetName=COL7 Pin=SW7-2
Removed Pin From Net: NetName=COL8 Pin=SW8-2
Removed Pin From Net: NetName=COL8 Pin=SW8-2
Removed Pin From Net: NetName=COL9 Pin=SW9-2
Removed Pin From Net: NetName=COL9 Pin=SW9-2
Removed Pin From Net: NetName=COL10 Pin=SW10-2
Removed Pin From Net: NetName=COL10 Pin=SW10-2
Removed Pin From Net: NetName=COL11 Pin=SW11-2
Removed Pin From Net: NetName=COL11 Pin=SW11-2
Removed Pin From Net: NetName=COL12 Pin=SW12-2
Removed Pin From Net: NetName=COL12 Pin=SW12-2
Removed Pin From Net: NetName=COL13 Pin=SW13-2
Removed Pin From Net: NetName=COL13 Pin=SW13-2
Removed Pin From Net: NetName=COL14 Pin=SW14-2
Removed Pin From Net: NetName=COL14 Pin=SW14-2
Removed Pin From Net: NetName=COL15 Pin=SW15-2
Removed Pin From Net: NetName=COL15 Pin=SW15-2
Removed Pin From Net: NetName=COL16 Pin=SW16-2
Removed Pin From Net: NetName=COL16 Pin=SW16-2
Removed Pin From Net: NetName=COL1 Pin=SW17-2
Removed Pin From Net: NetName=COL1 Pin=SW17-2
Removed Pin From Net: NetName=COL2 Pin=SW18-2
Removed Pin From Net: NetName=COL2 Pin=SW18-2
Removed Pin From Net: NetName=COL3 Pin=SW19-2
Removed Pin From Net: NetName=COL3 Pin=SW19-2
Removed Pin From Net: NetName=COL4 Pin=SW20-2
Removed Pin From Net: NetName=COL4 Pin=SW20-2
Removed Pin From Net: NetName=COL5 Pin=SW21-2
Removed Pin From Net: NetName=COL5 Pin=SW21-2
Removed Pin From Net: NetName=COL6 Pin=SW22-2
Removed Pin From Net: NetName=COL6 Pin=SW22-2
Removed Pin From Net: NetName=COL7 Pin=SW23-2
Removed Pin From Net: NetName=COL7 Pin=SW23-2
Removed Pin From Net: NetName=COL8 Pin=SW24-2
Removed Pin From Net: NetName=COL8 Pin=SW24-2
Removed Pin From Net: NetName=COL9 Pin=SW25-2
Removed Pin From Net: NetName=COL9 Pin=SW25-2
Removed Pin From Net: NetName=COL10 Pin=SW26-2
Removed Pin From Net: NetName=COL10 Pin=SW26-2
Removed Pin From Net: NetName=COL11 Pin=SW27-2
Removed Pin From Net: NetName=COL11 Pin=SW27-2
Removed Pin From Net: NetName=COL12 Pin=SW28-2
Removed Pin From Net: NetName=COL12 Pin=SW28-2
Removed Pin From Net: NetName=COL13 Pin=SW29-2
Removed Pin From Net: NetName=COL13 Pin=SW29-2
Removed Pin From Net: NetName=COL14 Pin=SW30-2
Removed Pin From Net: NetName=COL14 Pin=SW30-2
Removed Pin From Net: NetName=COL15 Pin=SW31-2
Removed Pin From Net: NetName=COL15 Pin=SW31-2
Removed Pin From Net: NetName=COL16 Pin=SW32-2
Removed Pin From Net: NetName=COL16 Pin=SW32-2
Removed Pin From Net: NetName=COL1 Pin=SW33-2
Removed Pin From Net: NetName=COL1 Pin=SW33-2
Removed Pin From Net: NetName=COL2 Pin=SW34-2
Removed Pin From Net: NetName=COL2 Pin=SW34-2
Removed Pin From Net: NetName=COL3 Pin=SW35-2
Removed Pin From Net: NetName=COL3 Pin=SW35-2
Removed Pin From Net: NetName=COL4 Pin=SW36-2
Removed Pin From Net: NetName=COL4 Pin=SW36-2
Removed Pin From Net: NetName=COL5 Pin=SW37-2
Removed Pin From Net: NetName=COL5 Pin=SW37-2
Removed Pin From Net: NetName=COL6 Pin=SW38-2
Removed Pin From Net: NetName=COL6 Pin=SW38-2
Removed Pin From Net: NetName=COL7 Pin=SW39-2
Removed Pin From Net: NetName=COL7 Pin=SW39-2
Removed Pin From Net: NetName=COL8 Pin=SW40-2
Removed Pin From Net: NetName=COL8 Pin=SW40-2
Removed Pin From Net: NetName=COL9 Pin=SW41-2
Removed Pin From Net: NetName=COL9 Pin=SW41-2
Removed Pin From Net: NetName=COL10 Pin=SW42-2
Removed Pin From Net: NetName=COL10 Pin=SW42-2
Removed Pin From Net: NetName=COL11 Pin=SW43-2
Removed Pin From Net: NetName=COL11 Pin=SW43-2
Removed Pin From Net: NetName=COL12 Pin=SW44-2
Removed Pin From Net: NetName=COL12 Pin=SW44-2
Removed Pin From Net: NetName=COL13 Pin=SW45-2
Removed Pin From Net: NetName=COL13 Pin=SW45-2
Removed Pin From Net: NetName=COL14 Pin=SW46-2
Removed Pin From Net: NetName=COL14 Pin=SW46-2
Removed Pin From Net: NetName=COL15 Pin=SW47-2
Removed Pin From Net: NetName=COL15 Pin=SW47-2
Removed Pin From Net: NetName=COL16 Pin=SW48-2
Removed Pin From Net: NetName=COL16 Pin=SW48-2
Removed Pin From Net: NetName=COL1 Pin=SW49-2
Removed Pin From Net: NetName=COL1 Pin=SW49-2
Removed Pin From Net: NetName=COL2 Pin=SW50-2
Removed Pin From Net: NetName=COL2 Pin=SW50-2
Removed Pin From Net: NetName=COL3 Pin=SW51-2
Removed Pin From Net: NetName=COL3 Pin=SW51-2
Removed Pin From Net: NetName=COL4 Pin=SW52-2
Removed Pin From Net: NetName=COL4 Pin=SW52-2
Removed Pin From Net: NetName=COL5 Pin=SW53-2
Removed Pin From Net: NetName=COL5 Pin=SW53-2
Removed Pin From Net: NetName=COL6 Pin=SW54-2
Removed Pin From Net: NetName=COL6 Pin=SW54-2
Removed Pin From Net: NetName=COL7 Pin=SW55-2
Removed Pin From Net: NetName=COL7 Pin=SW55-2
Removed Pin From Net: NetName=COL8 Pin=SW56-2
Removed Pin From Net: NetName=COL8 Pin=SW56-2
Removed Pin From Net: NetName=COL9 Pin=SW57-2
Removed Pin From Net: NetName=COL9 Pin=SW57-2
Removed Pin From Net: NetName=COL10 Pin=SW58-2
Removed Pin From Net: NetName=COL10 Pin=SW58-2
Removed Pin From Net: NetName=COL11 Pin=SW59-2
Removed Pin From Net: NetName=COL11 Pin=SW59-2
Removed Pin From Net: NetName=COL12 Pin=SW60-2
Removed Pin From Net: NetName=COL12 Pin=SW60-2
Removed Pin From Net: NetName=COL13 Pin=SW61-2
Removed Pin From Net: NetName=COL13 Pin=SW61-2
Removed Pin From Net: NetName=COL14 Pin=SW62-2
Removed Pin From Net: NetName=COL14 Pin=SW62-2
Removed Pin From Net: NetName=COL15 Pin=SW63-2
Removed Pin From Net: NetName=COL15 Pin=SW63-2
Removed Pin From Net: NetName=COL16 Pin=SW64-2
Removed Pin From Net: NetName=COL16 Pin=SW64-2
Removed Pin From Net: NetName=COL1 Pin=SW65-2
Removed Pin From Net: NetName=COL1 Pin=SW65-2
Removed Pin From Net: NetName=COL2 Pin=SW66-2
Removed Pin From Net: NetName=COL2 Pin=SW66-2
Removed Pin From Net: NetName=COL3 Pin=SW67-2
Removed Pin From Net: NetName=COL3 Pin=SW67-2
Removed Pin From Net: NetName=COL4 Pin=SW68-2
Removed Pin From Net: NetName=COL4 Pin=SW68-2
Removed Pin From Net: NetName=COL5 Pin=SW69-2
Removed Pin From Net: NetName=COL5 Pin=SW69-2
Removed Pin From Net: NetName=COL6 Pin=SW70-2
Removed Pin From Net: NetName=COL6 Pin=SW70-2
Removed Pin From Net: NetName=COL7 Pin=SW71-2
Removed Pin From Net: NetName=COL7 Pin=SW71-2
Removed Pin From Net: NetName=COL8 Pin=SW72-2
Removed Pin From Net: NetName=COL8 Pin=SW72-2
Removed Pin From Net: NetName=COL9 Pin=SW73-2
Removed Pin From Net: NetName=COL9 Pin=SW73-2
Removed Pin From Net: NetName=COL10 Pin=SW74-2
Removed Pin From Net: NetName=COL10 Pin=SW74-2
Removed Pin From Net: NetName=COL11 Pin=SW75-2
Removed Pin From Net: NetName=COL11 Pin=SW75-2
Removed Pin From Net: NetName=COL12 Pin=SW76-2
Removed Pin From Net: NetName=COL12 Pin=SW76-2
Removed Pin From Net: NetName=COL13 Pin=SW77-2
Removed Pin From Net: NetName=COL13 Pin=SW77-2
Removed Pin From Net: NetName=COL14 Pin=SW78-2
Removed Pin From Net: NetName=COL14 Pin=SW78-2
Removed Pin From Net: NetName=COL15 Pin=SW79-2
Removed Pin From Net: NetName=COL15 Pin=SW79-2
Removed Pin From Net: NetName=COL16 Pin=SW80-2
Removed Pin From Net: NetName=COL16 Pin=SW80-2
Removed Pin From Net: NetName=COL1 Pin=SW81-2
Removed Pin From Net: NetName=COL1 Pin=SW81-2
Removed Pin From Net: NetName=COL2 Pin=SW82-2
Removed Pin From Net: NetName=COL2 Pin=SW82-2
Removed Pin From Net: NetName=COL3 Pin=SW83-2
Removed Pin From Net: NetName=COL3 Pin=SW83-2
Removed Pin From Net: NetName=COL4 Pin=SW84-2
Removed Pin From Net: NetName=COL4 Pin=SW84-2
Removed Pin From Net: NetName=COL5 Pin=SW85-2
Removed Pin From Net: NetName=COL5 Pin=SW85-2
Removed Pin From Net: NetName=COL6 Pin=SW86-2
Removed Pin From Net: NetName=COL6 Pin=SW86-2
Removed Pin From Net: NetName=COL7 Pin=SW87-2
Removed Pin From Net: NetName=COL7 Pin=SW87-2
Removed Pin From Net: NetName=COL8 Pin=SW88-2
Removed Pin From Net: NetName=COL8 Pin=SW88-2
Removed Pin From Net: NetName=COL9 Pin=SW89-2
Removed Pin From Net: NetName=COL9 Pin=SW89-2
Removed Pin From Net: NetName=COL10 Pin=SW90-2
Removed Pin From Net: NetName=COL10 Pin=SW90-2
Removed Pin From Net: NetName=COL11 Pin=SW91-2
Removed Pin From Net: NetName=COL11 Pin=SW91-2
Removed Pin From Net: NetName=COL12 Pin=SW92-2
Removed Pin From Net: NetName=COL12 Pin=SW92-2
Removed Pin From Net: NetName=COL13 Pin=SW93-2
Removed Pin From Net: NetName=COL13 Pin=SW93-2
Removed Pin From Net: NetName=COL14 Pin=SW94-2
Removed Pin From Net: NetName=COL14 Pin=SW94-2
Removed Pin From Net: NetName=COL15 Pin=SW95-2
Removed Pin From Net: NetName=COL15 Pin=SW95-2
Removed Pin From Net: NetName=COL16 Pin=SW96-2
Removed Pin From Net: NetName=COL16 Pin=SW96-2
Change Component Footprint: Designator=SW1 Old Footprint= New Footprint=MX_SW-7
Change Component Footprint: Designator=SW2 Old Footprint= New Footprint=MX_SW-7
Change Component Footprint: Designator=SW3 Old Footprint= New Footprint=MX_SW-7
Change Component Footprint: Designator=SW4 Old Footprint= New Footprint=MX_SW-7
Change Component Footprint: Designator=SW5 Old Footprint= New Footprint=MX_SW-7
Change Component Footprint: Designator=SW6 Old Footprint= New Footprint=MX_SW-7
Change Component Footprint: Designator=SW7 Old Footprint= New Footprint=MX_SW-7
Change Component Footprint: Designator=SW8 Old Footprint= New Footprint=MX_SW-7
Change Component Footprint: Designator=SW9 Old Footprint= New Footprint=MX_SW-7
Change Component Footprint: Designator=SW10 Old Footprint= New Footprint=MX_SW-7
Change Component Footprint: Designator=SW11 Old Footprint= New Footprint=MX_SW-7
Change Component Footprint: Designator=SW12 Old Footprint= New Footprint=MX_SW-7
Change Component Footprint: Designator=SW13 Old Footprint= New Footprint=MX_SW-7
Change Component Footprint: Designator=SW14 Old Footprint= New Footprint=MX_SW-7
Change Component Footprint: Designator=SW15 Old Footprint= New Footprint=MX_SW-7
Change Component Footprint: Designator=SW16 Old Footprint= New Footprint=MX_SW-7
Change Component Footprint: Designator=SW17 Old Footprint= New Footprint=MX_SW-7
Change Component Footprint: Designator=SW18 Old Footprint= New Footprint=MX_SW-7
Change Component Footprint: Designator=SW19 Old Footprint= New Footprint=MX_SW-7
Change Component Footprint: Designator=SW20 Old Footprint= New Footprint=MX_SW-7
Change Component Footprint: Designator=SW21 Old Footprint= New Footprint=MX_SW-7
Change Component Footprint: Designator=SW22 Old Footprint= New Footprint=MX_SW-7
Change Component Footprint: Designator=SW23 Old Footprint= New Footprint=MX_SW-7
Change Component Footprint: Designator=SW24 Old Footprint= New Footprint=MX_SW-7
Change Component Footprint: Designator=SW25 Old Footprint= New Footprint=MX_SW-7
Change Component Footprint: Designator=SW26 Old Footprint= New Footprint=MX_SW-7
Change Component Footprint: Designator=SW27 Old Footprint= New Footprint=MX_SW-7
Change Component Footprint: Designator=SW28 Old Footprint= New Footprint=MX_SW-7
Change Component Footprint: Designator=SW29 Old Footprint= New Footprint=MX_SW-7
Change Component Footprint: Designator=SW30 Old Footprint= New Footprint=MX_SW-7
Change Component Footprint: Designator=SW31 Old Footprint= New Footprint=MX_SW-7
Change Component Footprint: Designator=SW32 Old Footprint= New Footprint=MX_SW-7
Change Component Footprint: Designator=SW33 Old Footprint= New Footprint=MX_SW-7
Change Component Footprint: Designator=SW34 Old Footprint= New Footprint=MX_SW-7
Change Component Footprint: Designator=SW35 Old Footprint= New Footprint=MX_SW-7
Change Component Footprint: Designator=SW36 Old Footprint= New Footprint=MX_SW-7
Change Component Footprint: Designator=SW37 Old Footprint= New Footprint=MX_SW-7
Change Component Footprint: Designator=SW38 Old Footprint= New Footprint=MX_SW-7
Change Component Footprint: Designator=SW39 Old Footprint= New Footprint=MX_SW-7
Change Component Footprint: Designator=SW40 Old Footprint= New Footprint=MX_SW-7
Change Component Footprint: Designator=SW41 Old Footprint= New Footprint=MX_SW-7
Change Component Footprint: Designator=SW42 Old Footprint= New Footprint=MX_SW-7
Change Component Footprint: Designator=SW43 Old Footprint= New Footprint=MX_SW-7
Change Component Footprint: Designator=SW44 Old Footprint= New Footprint=MX_SW-7
Change Component Footprint: Designator=SW45 Old Footprint= New Footprint=MX_SW-7
Change Component Footprint: Designator=SW46 Old Footprint= New Footprint=MX_SW-7
Change Component Footprint: Designator=SW47 Old Footprint= New Footprint=MX_SW-7
Change Component Footprint: Designator=SW48 Old Footprint= New Footprint=MX_SW-7
Change Component Footprint: Designator=SW49 Old Footprint= New Footprint=MX_SW-7
Change Component Footprint: Designator=SW50 Old Footprint= New Footprint=MX_SW-7
Change Component Footprint: Designator=SW51 Old Footprint= New Footprint=MX_SW-7
Change Component Footprint: Designator=SW52 Old Footprint= New Footprint=MX_SW-7
Change Component Footprint: Designator=SW53 Old Footprint= New Footprint=MX_SW-7
Change Component Footprint: Designator=SW54 Old Footprint= New Footprint=MX_SW-7
Change Component Footprint: Designator=SW55 Old Footprint= New Footprint=MX_SW-7
Change Component Footprint: Designator=SW56 Old Footprint= New Footprint=MX_SW-7
Change Component Footprint: Designator=SW57 Old Footprint= New Footprint=MX_SW-7
Change Component Footprint: Designator=SW58 Old Footprint= New Footprint=MX_SW-7
Change Component Footprint: Designator=SW59 Old Footprint= New Footprint=MX_SW-7
Change Component Footprint: Designator=SW60 Old Footprint= New Footprint=MX_SW-7
Change Component Footprint: Designator=SW61 Old Footprint= New Footprint=MX_SW-7
Change Component Footprint: Designator=SW62 Old Footprint= New Footprint=MX_SW-7
Change Component Footprint: Designator=SW63 Old Footprint= New Footprint=MX_SW-7
Change Component Footprint: Designator=SW64 Old Footprint= New Footprint=MX_SW-7
Change Component Footprint: Designator=SW65 Old Footprint= New Footprint=MX_SW-7
Change Component Footprint: Designator=SW66 Old Footprint= New Footprint=MX_SW-7
Change Component Footprint: Designator=SW67 Old Footprint= New Footprint=MX_SW-7
Change Component Footprint: Designator=SW68 Old Footprint= New Footprint=MX_SW-7
Change Component Footprint: Designator=SW69 Old Footprint= New Footprint=MX_SW-7
Change Component Footprint: Designator=SW70 Old Footprint= New Footprint=MX_SW-7
Change Component Footprint: Designator=SW71 Old Footprint= New Footprint=MX_SW-7
Change Component Footprint: Designator=SW72 Old Footprint= New Footprint=MX_SW-7
Change Component Footprint: Designator=SW73 Old Footprint= New Footprint=MX_SW-7
Change Component Footprint: Designator=SW74 Old Footprint= New Footprint=MX_SW-7
Change Component Footprint: Designator=SW75 Old Footprint= New Footprint=MX_SW-7
Change Component Footprint: Designator=SW76 Old Footprint= New Footprint=MX_SW-7
Change Component Footprint: Designator=SW77 Old Footprint= New Footprint=MX_SW-7
Change Component Footprint: Designator=SW78 Old Footprint= New Footprint=MX_SW-7
Change Component Footprint: Designator=SW79 Old Footprint= New Footprint=MX_SW-7
Change Component Footprint: Designator=SW80 Old Footprint= New Footprint=MX_SW-7
Change Component Footprint: Designator=SW81 Old Footprint= New Footprint=MX_SW-7
Change Component Footprint: Designator=SW82 Old Footprint= New Footprint=MX_SW-7
Change Component Footprint: Designator=SW83 Old Footprint= New Footprint=MX_SW-7
Change Component Footprint: Designator=SW84 Old Footprint= New Footprint=MX_SW-7
Change Component Footprint: Designator=SW85 Old Footprint= New Footprint=MX_SW-7
Change Component Footprint: Designator=SW86 Old Footprint= New Footprint=MX_SW-7
Change Component Footprint: Designator=SW87 Old Footprint= New Footprint=MX_SW-7
Change Component Footprint: Designator=SW88 Old Footprint= New Footprint=MX_SW-7
Change Component Footprint: Designator=SW89 Old Footprint= New Footprint=MX_SW-7
Change Component Footprint: Designator=SW90 Old Footprint= New Footprint=MX_SW-7
Change Component Footprint: Designator=SW91 Old Footprint= New Footprint=MX_SW-7
Change Component Footprint: Designator=SW92 Old Footprint= New Footprint=MX_SW-7
Change Component Footprint: Designator=SW93 Old Footprint= New Footprint=MX_SW-7
Change Component Footprint: Designator=SW94 Old Footprint= New Footprint=MX_SW-7
Change Component Footprint: Designator=SW95 Old Footprint= New Footprint=MX_SW-7
Change Component Footprint: Designator=SW96 Old Footprint= New Footprint=MX_SW-7
Added Component: Designator=P1(HDR2X16_CEN)
Added Pin To Net: NetName=ROW1 Pin=P1-1
Added Pin To Net: NetName=ROW2 Pin=P1-2
Added Pin To Net: NetName=ROW3 Pin=P1-3
Added Pin To Net: NetName=ROW4 Pin=P1-4
Added Pin To Net: NetName=ROW5 Pin=P1-5
Added Pin To Net: NetName=ROW6 Pin=P1-6
Added Pin To Net: NetName=ROW7 Pin=P1-7
Added Pin To Net: NetName=COL1 Pin=P1-8
Added Pin To Net: NetName=COL2 Pin=P1-9
Added Pin To Net: NetName=COL3 Pin=P1-10
Added Pin To Net: NetName=COL4 Pin=P1-11
Added Pin To Net: NetName=COL5 Pin=P1-12
Added Pin To Net: NetName=COL6 Pin=P1-13
Added Pin To Net: NetName=COL7 Pin=P1-14
Added Pin To Net: NetName=PD+ Pin=P1-15
Added Pin To Net: NetName=COL8 Pin=P1-17
Added Pin To Net: NetName=COL9 Pin=P1-18
Added Pin To Net: NetName=COL10 Pin=P1-19
Added Pin To Net: NetName=COL11 Pin=P1-20
Added Pin To Net: NetName=COL12 Pin=P1-21
Added Pin To Net: NetName=COL13 Pin=P1-22
Added Pin To Net: NetName=COL14 Pin=P1-23
Added Pin To Net: NetName=COL15 Pin=P1-24
Added Pin To Net: NetName=COL16 Pin=P1-25
Added Pin To Net: NetName=LED2 Pin=P1-26
Added Pin To Net: NetName=I2C_SCL Pin=P1-27
Added Pin To Net: NetName=I2C_SDA Pin=P1-28
Added Pin To Net: NetName=VCC Pin=P1-29
Added Pin To Net: NetName=GND Pin=P1-30
Added Pin To Net: NetName=PD- Pin=P1-31
Added Pin To Net: NetName=COL1 Pin=SW1-4
Added Pin To Net: NetName=COL1 Pin=SW1-4
Added Pin To Net: NetName=COL2 Pin=SW2-4
Added Pin To Net: NetName=COL2 Pin=SW2-4
Added Pin To Net: NetName=COL3 Pin=SW3-4
Added Pin To Net: NetName=COL3 Pin=SW3-4
Added Pin To Net: NetName=COL4 Pin=SW4-4
Added Pin To Net: NetName=COL4 Pin=SW4-4
Added Pin To Net: NetName=COL5 Pin=SW5-4
Added Pin To Net: NetName=COL5 Pin=SW5-4
Added Pin To Net: NetName=COL6 Pin=SW6-4
Added Pin To Net: NetName=COL6 Pin=SW6-4
Added Pin To Net: NetName=COL7 Pin=SW7-4
Added Pin To Net: NetName=COL7 Pin=SW7-4
Added Pin To Net: NetName=COL8 Pin=SW8-4
Added Pin To Net: NetName=COL8 Pin=SW8-4
Added Pin To Net: NetName=COL9 Pin=SW9-4
Added Pin To Net: NetName=COL9 Pin=SW9-4
Added Pin To Net: NetName=COL10 Pin=SW10-4
Added Pin To Net: NetName=COL10 Pin=SW10-4
Added Pin To Net: NetName=COL11 Pin=SW11-4
Added Pin To Net: NetName=COL11 Pin=SW11-4
Added Pin To Net: NetName=COL12 Pin=SW12-4
Added Pin To Net: NetName=COL12 Pin=SW12-4
Added Pin To Net: NetName=COL13 Pin=SW13-4
Added Pin To Net: NetName=COL13 Pin=SW13-4
Added Pin To Net: NetName=COL14 Pin=SW14-4
Added Pin To Net: NetName=COL14 Pin=SW14-4
Added Pin To Net: NetName=COL15 Pin=SW15-4
Added Pin To Net: NetName=COL15 Pin=SW15-4
Added Pin To Net: NetName=COL16 Pin=SW16-4
Added Pin To Net: NetName=COL16 Pin=SW16-4
Added Pin To Net: NetName=COL1 Pin=SW17-4
Added Pin To Net: NetName=COL1 Pin=SW17-4
Added Pin To Net: NetName=COL2 Pin=SW18-4
Added Pin To Net: NetName=COL2 Pin=SW18-4
Added Pin To Net: NetName=COL3 Pin=SW19-4
Added Pin To Net: NetName=COL3 Pin=SW19-4
Added Pin To Net: NetName=COL4 Pin=SW20-4
Added Pin To Net: NetName=COL4 Pin=SW20-4
Added Pin To Net: NetName=COL5 Pin=SW21-4
Added Pin To Net: NetName=COL5 Pin=SW21-4
Added Pin To Net: NetName=COL6 Pin=SW22-4
Added Pin To Net: NetName=COL6 Pin=SW22-4
Added Pin To Net: NetName=COL7 Pin=SW23-4
Added Pin To Net: NetName=COL7 Pin=SW23-4
Added Pin To Net: NetName=COL8 Pin=SW24-4
Added Pin To Net: NetName=COL8 Pin=SW24-4
Added Pin To Net: NetName=COL9 Pin=SW25-4
Added Pin To Net: NetName=COL9 Pin=SW25-4
Added Pin To Net: NetName=COL10 Pin=SW26-4
Added Pin To Net: NetName=COL10 Pin=SW26-4
Added Pin To Net: NetName=COL11 Pin=SW27-4
Added Pin To Net: NetName=COL11 Pin=SW27-4
Added Pin To Net: NetName=COL12 Pin=SW28-4
Added Pin To Net: NetName=COL12 Pin=SW28-4
Added Pin To Net: NetName=COL13 Pin=SW29-4
Added Pin To Net: NetName=COL13 Pin=SW29-4
Added Pin To Net: NetName=COL14 Pin=SW30-4
Added Pin To Net: NetName=COL14 Pin=SW30-4
Added Pin To Net: NetName=COL15 Pin=SW31-4
Added Pin To Net: NetName=COL15 Pin=SW31-4
Added Pin To Net: NetName=COL16 Pin=SW32-4
Added Pin To Net: NetName=COL16 Pin=SW32-4
Added Pin To Net: NetName=COL1 Pin=SW33-4
Added Pin To Net: NetName=COL1 Pin=SW33-4
Added Pin To Net: NetName=COL2 Pin=SW34-4
Added Pin To Net: NetName=COL2 Pin=SW34-4
Added Pin To Net: NetName=COL3 Pin=SW35-4
Added Pin To Net: NetName=COL3 Pin=SW35-4
Added Pin To Net: NetName=COL4 Pin=SW36-4
Added Pin To Net: NetName=COL4 Pin=SW36-4
Added Pin To Net: NetName=COL5 Pin=SW37-4
Added Pin To Net: NetName=COL5 Pin=SW37-4
Added Pin To Net: NetName=COL6 Pin=SW38-4
Added Pin To Net: NetName=COL6 Pin=SW38-4
Added Pin To Net: NetName=COL7 Pin=SW39-4
Added Pin To Net: NetName=COL7 Pin=SW39-4
Added Pin To Net: NetName=COL8 Pin=SW40-4
Added Pin To Net: NetName=COL8 Pin=SW40-4
Added Pin To Net: NetName=COL9 Pin=SW41-4
Added Pin To Net: NetName=COL9 Pin=SW41-4
Added Pin To Net: NetName=COL10 Pin=SW42-4
Added Pin To Net: NetName=COL10 Pin=SW42-4
Added Pin To Net: NetName=COL11 Pin=SW43-4
Added Pin To Net: NetName=COL11 Pin=SW43-4
Added Pin To Net: NetName=COL12 Pin=SW44-4
Added Pin To Net: NetName=COL12 Pin=SW44-4
Added Pin To Net: NetName=COL13 Pin=SW45-4
Added Pin To Net: NetName=COL13 Pin=SW45-4
Added Pin To Net: NetName=COL14 Pin=SW46-4
Added Pin To Net: NetName=COL14 Pin=SW46-4
Added Pin To Net: NetName=COL15 Pin=SW47-4
Added Pin To Net: NetName=COL15 Pin=SW47-4
Added Pin To Net: NetName=COL16 Pin=SW48-4
Added Pin To Net: NetName=COL16 Pin=SW48-4
Added Pin To Net: NetName=COL1 Pin=SW49-4
Added Pin To Net: NetName=COL1 Pin=SW49-4
Added Pin To Net: NetName=COL2 Pin=SW50-4
Added Pin To Net: NetName=COL2 Pin=SW50-4
Added Pin To Net: NetName=COL3 Pin=SW51-4
Added Pin To Net: NetName=COL3 Pin=SW51-4
Added Pin To Net: NetName=COL4 Pin=SW52-4
Added Pin To Net: NetName=COL4 Pin=SW52-4
Added Pin To Net: NetName=COL5 Pin=SW53-4
Added Pin To Net: NetName=COL5 Pin=SW53-4
Added Pin To Net: NetName=COL6 Pin=SW54-4
Added Pin To Net: NetName=COL6 Pin=SW54-4
Added Pin To Net: NetName=COL7 Pin=SW55-4
Added Pin To Net: NetName=COL7 Pin=SW55-4
Added Pin To Net: NetName=COL8 Pin=SW56-4
Added Pin To Net: NetName=COL8 Pin=SW56-4
Added Pin To Net: NetName=COL9 Pin=SW57-4
Added Pin To Net: NetName=COL9 Pin=SW57-4
Added Pin To Net: NetName=COL10 Pin=SW58-4
Added Pin To Net: NetName=COL10 Pin=SW58-4
Added Pin To Net: NetName=COL11 Pin=SW59-4
Added Pin To Net: NetName=COL11 Pin=SW59-4
Added Pin To Net: NetName=COL12 Pin=SW60-4
Added Pin To Net: NetName=COL12 Pin=SW60-4
Added Pin To Net: NetName=COL13 Pin=SW61-4
Added Pin To Net: NetName=COL13 Pin=SW61-4
Added Pin To Net: NetName=COL14 Pin=SW62-4
Added Pin To Net: NetName=COL14 Pin=SW62-4
Added Pin To Net: NetName=COL15 Pin=SW63-4
Added Pin To Net: NetName=COL15 Pin=SW63-4
Added Pin To Net: NetName=COL16 Pin=SW64-4
Added Pin To Net: NetName=COL16 Pin=SW64-4
Added Pin To Net: NetName=COL1 Pin=SW65-4
Added Pin To Net: NetName=COL1 Pin=SW65-4
Added Pin To Net: NetName=COL2 Pin=SW66-4
Added Pin To Net: NetName=COL2 Pin=SW66-4
Added Pin To Net: NetName=COL3 Pin=SW67-4
Added Pin To Net: NetName=COL3 Pin=SW67-4
Added Pin To Net: NetName=COL4 Pin=SW68-4
Added Pin To Net: NetName=COL4 Pin=SW68-4
Added Pin To Net: NetName=COL5 Pin=SW69-4
Added Pin To Net: NetName=COL5 Pin=SW69-4
Added Pin To Net: NetName=COL6 Pin=SW70-4
Added Pin To Net: NetName=COL6 Pin=SW70-4
Added Pin To Net: NetName=COL7 Pin=SW71-4
Added Pin To Net: NetName=COL7 Pin=SW71-4
Added Pin To Net: NetName=COL8 Pin=SW72-4
Added Pin To Net: NetName=COL8 Pin=SW72-4
Added Pin To Net: NetName=COL9 Pin=SW73-4
Added Pin To Net: NetName=COL9 Pin=SW73-4
Added Pin To Net: NetName=COL10 Pin=SW74-4
Added Pin To Net: NetName=COL10 Pin=SW74-4
Added Pin To Net: NetName=COL11 Pin=SW75-4
Added Pin To Net: NetName=COL11 Pin=SW75-4
Added Pin To Net: NetName=COL12 Pin=SW76-4
Added Pin To Net: NetName=COL12 Pin=SW76-4
Added Pin To Net: NetName=COL13 Pin=SW77-4
Added Pin To Net: NetName=COL13 Pin=SW77-4
Added Pin To Net: NetName=COL14 Pin=SW78-4
Added Pin To Net: NetName=COL14 Pin=SW78-4
Added Pin To Net: NetName=COL15 Pin=SW79-4
Added Pin To Net: NetName=COL15 Pin=SW79-4
Added Pin To Net: NetName=COL16 Pin=SW80-4
Added Pin To Net: NetName=COL16 Pin=SW80-4
Added Pin To Net: NetName=COL1 Pin=SW81-4
Added Pin To Net: NetName=COL1 Pin=SW81-4
Added Pin To Net: NetName=COL2 Pin=SW82-4
Added Pin To Net: NetName=COL2 Pin=SW82-4
Added Pin To Net: NetName=COL3 Pin=SW83-4
Added Pin To Net: NetName=COL3 Pin=SW83-4
Added Pin To Net: NetName=COL4 Pin=SW84-4
Added Pin To Net: NetName=COL4 Pin=SW84-4
Added Pin To Net: NetName=COL5 Pin=SW85-4
Added Pin To Net: NetName=COL5 Pin=SW85-4
Added Pin To Net: NetName=COL6 Pin=SW86-4
Added Pin To Net: NetName=COL6 Pin=SW86-4
Added Pin To Net: NetName=COL7 Pin=SW87-4
Added Pin To Net: NetName=COL7 Pin=SW87-4
Added Pin To Net: NetName=COL8 Pin=SW88-4
Added Pin To Net: NetName=COL8 Pin=SW88-4
Added Pin To Net: NetName=COL9 Pin=SW89-4
Added Pin To Net: NetName=COL9 Pin=SW89-4
Added Pin To Net: NetName=COL10 Pin=SW90-4
Added Pin To Net: NetName=COL10 Pin=SW90-4
Added Pin To Net: NetName=COL11 Pin=SW91-4
Added Pin To Net: NetName=COL11 Pin=SW91-4
Added Pin To Net: NetName=COL12 Pin=SW92-4
Added Pin To Net: NetName=COL12 Pin=SW92-4
Added Pin To Net: NetName=COL13 Pin=SW93-4
Added Pin To Net: NetName=COL13 Pin=SW93-4
Added Pin To Net: NetName=COL14 Pin=SW94-4
Added Pin To Net: NetName=COL14 Pin=SW94-4
Added Pin To Net: NetName=COL15 Pin=SW95-4
Added Pin To Net: NetName=COL15 Pin=SW95-4
Added Pin To Net: NetName=COL16 Pin=SW96-4
Added Pin To Net: NetName=COL16 Pin=SW96-4
Added Pin To Net: NetName=NetSW1_2 Pin=SW1-2
Added Pin To Net: NetName=NetSW1_2 Pin=SW1-3
Added Pin To Net: NetName=NetSW1_2 Pin=SW1-3
Added Net: Name=NetSW1_2
Added Pin To Net: NetName=NetSW2_2 Pin=SW2-2
Added Pin To Net: NetName=NetSW2_2 Pin=SW2-3
Added Pin To Net: NetName=NetSW2_2 Pin=SW2-3
Added Net: Name=NetSW2_2
Added Pin To Net: NetName=NetSW3_2 Pin=SW3-2
Added Pin To Net: NetName=NetSW3_2 Pin=SW3-3
Added Pin To Net: NetName=NetSW3_2 Pin=SW3-3
Added Net: Name=NetSW3_2
Added Pin To Net: NetName=NetSW4_2 Pin=SW4-2
Added Pin To Net: NetName=NetSW4_2 Pin=SW4-3
Added Pin To Net: NetName=NetSW4_2 Pin=SW4-3
Added Net: Name=NetSW4_2
Added Pin To Net: NetName=NetSW5_2 Pin=SW5-2
Added Pin To Net: NetName=NetSW5_2 Pin=SW5-3
Added Pin To Net: NetName=NetSW5_2 Pin=SW5-3
Added Net: Name=NetSW5_2
Added Pin To Net: NetName=NetSW6_2 Pin=SW6-2
Added Pin To Net: NetName=NetSW6_2 Pin=SW6-3
Added Pin To Net: NetName=NetSW6_2 Pin=SW6-3
Added Net: Name=NetSW6_2
Added Pin To Net: NetName=NetSW7_2 Pin=SW7-2
Added Pin To Net: NetName=NetSW7_2 Pin=SW7-3
Added Pin To Net: NetName=NetSW7_2 Pin=SW7-3
Added Net: Name=NetSW7_2
Added Pin To Net: NetName=NetSW8_2 Pin=SW8-2
Added Pin To Net: NetName=NetSW8_2 Pin=SW8-3
Added Pin To Net: NetName=NetSW8_2 Pin=SW8-3
Added Net: Name=NetSW8_2
Added Pin To Net: NetName=NetSW9_2 Pin=SW9-2
Added Pin To Net: NetName=NetSW9_2 Pin=SW9-3
Added Pin To Net: NetName=NetSW9_2 Pin=SW9-3
Added Net: Name=NetSW9_2
Added Pin To Net: NetName=NetSW10_2 Pin=SW10-2
Added Pin To Net: NetName=NetSW10_2 Pin=SW10-3
Added Pin To Net: NetName=NetSW10_2 Pin=SW10-3
Added Net: Name=NetSW10_2
Added Pin To Net: NetName=NetSW11_2 Pin=SW11-2
Added Pin To Net: NetName=NetSW11_2 Pin=SW11-3
Added Pin To Net: NetName=NetSW11_2 Pin=SW11-3
Added Net: Name=NetSW11_2
Added Pin To Net: NetName=NetSW12_2 Pin=SW12-2
Added Pin To Net: NetName=NetSW12_2 Pin=SW12-3
Added Pin To Net: NetName=NetSW12_2 Pin=SW12-3
Added Net: Name=NetSW12_2
Added Pin To Net: NetName=NetSW13_2 Pin=SW13-2
Added Pin To Net: NetName=NetSW13_2 Pin=SW13-3
Added Pin To Net: NetName=NetSW13_2 Pin=SW13-3
Added Net: Name=NetSW13_2
Added Pin To Net: NetName=NetSW14_2 Pin=SW14-2
Added Pin To Net: NetName=NetSW14_2 Pin=SW14-3
Added Pin To Net: NetName=NetSW14_2 Pin=SW14-3
Added Net: Name=NetSW14_2
Added Pin To Net: NetName=NetSW15_2 Pin=SW15-2
Added Pin To Net: NetName=NetSW15_2 Pin=SW15-3
Added Pin To Net: NetName=NetSW15_2 Pin=SW15-3
Added Net: Name=NetSW15_2
Added Pin To Net: NetName=NetSW16_2 Pin=SW16-2
Added Pin To Net: NetName=NetSW16_2 Pin=SW16-3
Added Pin To Net: NetName=NetSW16_2 Pin=SW16-3
Added Net: Name=NetSW16_2
Added Pin To Net: NetName=NetSW17_2 Pin=SW17-2
Added Pin To Net: NetName=NetSW17_2 Pin=SW17-3
Added Pin To Net: NetName=NetSW17_2 Pin=SW17-3
Added Net: Name=NetSW17_2
Added Pin To Net: NetName=NetSW18_2 Pin=SW18-2
Added Pin To Net: NetName=NetSW18_2 Pin=SW18-3
Added Pin To Net: NetName=NetSW18_2 Pin=SW18-3
Added Net: Name=NetSW18_2
Added Pin To Net: NetName=NetSW19_2 Pin=SW19-2
Added Pin To Net: NetName=NetSW19_2 Pin=SW19-3
Added Pin To Net: NetName=NetSW19_2 Pin=SW19-3
Added Net: Name=NetSW19_2
Added Pin To Net: NetName=NetSW20_2 Pin=SW20-2
Added Pin To Net: NetName=NetSW20_2 Pin=SW20-3
Added Pin To Net: NetName=NetSW20_2 Pin=SW20-3
Added Net: Name=NetSW20_2
Added Pin To Net: NetName=NetSW21_2 Pin=SW21-2
Added Pin To Net: NetName=NetSW21_2 Pin=SW21-3
Added Pin To Net: NetName=NetSW21_2 Pin=SW21-3
Added Net: Name=NetSW21_2
Added Pin To Net: NetName=NetSW22_2 Pin=SW22-2
Added Pin To Net: NetName=NetSW22_2 Pin=SW22-3
Added Pin To Net: NetName=NetSW22_2 Pin=SW22-3
Added Net: Name=NetSW22_2
Added Pin To Net: NetName=NetSW23_2 Pin=SW23-2
Added Pin To Net: NetName=NetSW23_2 Pin=SW23-3
Added Pin To Net: NetName=NetSW23_2 Pin=SW23-3
Added Net: Name=NetSW23_2
Added Pin To Net: NetName=NetSW24_2 Pin=SW24-2
Added Pin To Net: NetName=NetSW24_2 Pin=SW24-3
Added Pin To Net: NetName=NetSW24_2 Pin=SW24-3
Added Net: Name=NetSW24_2
Added Pin To Net: NetName=NetSW25_2 Pin=SW25-2
Added Pin To Net: NetName=NetSW25_2 Pin=SW25-3
Added Pin To Net: NetName=NetSW25_2 Pin=SW25-3
Added Net: Name=NetSW25_2
Added Pin To Net: NetName=NetSW26_2 Pin=SW26-2
Added Pin To Net: NetName=NetSW26_2 Pin=SW26-3
Added Pin To Net: NetName=NetSW26_2 Pin=SW26-3
Added Net: Name=NetSW26_2
Added Pin To Net: NetName=NetSW27_2 Pin=SW27-2
Added Pin To Net: NetName=NetSW27_2 Pin=SW27-3
Added Pin To Net: NetName=NetSW27_2 Pin=SW27-3
Added Net: Name=NetSW27_2
Added Pin To Net: NetName=NetSW28_2 Pin=SW28-2
Added Pin To Net: NetName=NetSW28_2 Pin=SW28-3
Added Pin To Net: NetName=NetSW28_2 Pin=SW28-3
Added Net: Name=NetSW28_2
Added Pin To Net: NetName=NetSW29_2 Pin=SW29-2
Added Pin To Net: NetName=NetSW29_2 Pin=SW29-3
Added Pin To Net: NetName=NetSW29_2 Pin=SW29-3
Added Net: Name=NetSW29_2
Added Pin To Net: NetName=NetSW30_2 Pin=SW30-2
Added Pin To Net: NetName=NetSW30_2 Pin=SW30-3
Added Pin To Net: NetName=NetSW30_2 Pin=SW30-3
Added Net: Name=NetSW30_2
Added Pin To Net: NetName=NetSW31_2 Pin=SW31-2
Added Pin To Net: NetName=NetSW31_2 Pin=SW31-3
Added Pin To Net: NetName=NetSW31_2 Pin=SW31-3
Added Net: Name=NetSW31_2
Added Pin To Net: NetName=NetSW32_2 Pin=SW32-2
Added Pin To Net: NetName=NetSW32_2 Pin=SW32-3
Added Pin To Net: NetName=NetSW32_2 Pin=SW32-3
Added Net: Name=NetSW32_2
Added Pin To Net: NetName=NetSW33_2 Pin=SW33-2
Added Pin To Net: NetName=NetSW33_2 Pin=SW33-3
Added Pin To Net: NetName=NetSW33_2 Pin=SW33-3
Added Net: Name=NetSW33_2
Added Pin To Net: NetName=NetSW34_2 Pin=SW34-2
Added Pin To Net: NetName=NetSW34_2 Pin=SW34-3
Added Pin To Net: NetName=NetSW34_2 Pin=SW34-3
Added Net: Name=NetSW34_2
Added Pin To Net: NetName=NetSW35_2 Pin=SW35-2
Added Pin To Net: NetName=NetSW35_2 Pin=SW35-3
Added Pin To Net: NetName=NetSW35_2 Pin=SW35-3
Added Net: Name=NetSW35_2
Added Pin To Net: NetName=NetSW36_2 Pin=SW36-2
Added Pin To Net: NetName=NetSW36_2 Pin=SW36-3
Added Pin To Net: NetName=NetSW36_2 Pin=SW36-3
Added Net: Name=NetSW36_2
Added Pin To Net: NetName=NetSW37_2 Pin=SW37-2
Added Pin To Net: NetName=NetSW37_2 Pin=SW37-3
Added Pin To Net: NetName=NetSW37_2 Pin=SW37-3
Added Net: Name=NetSW37_2
Added Pin To Net: NetName=NetSW38_2 Pin=SW38-2
Added Pin To Net: NetName=NetSW38_2 Pin=SW38-3
Added Pin To Net: NetName=NetSW38_2 Pin=SW38-3
Added Net: Name=NetSW38_2
Added Pin To Net: NetName=NetSW39_2 Pin=SW39-2
Added Pin To Net: NetName=NetSW39_2 Pin=SW39-3
Added Pin To Net: NetName=NetSW39_2 Pin=SW39-3
Added Net: Name=NetSW39_2
Added Pin To Net: NetName=NetSW40_2 Pin=SW40-2
Added Pin To Net: NetName=NetSW40_2 Pin=SW40-3
Added Pin To Net: NetName=NetSW40_2 Pin=SW40-3
Added Net: Name=NetSW40_2
Added Pin To Net: NetName=NetSW41_2 Pin=SW41-2
Added Pin To Net: NetName=NetSW41_2 Pin=SW41-3
Added Pin To Net: NetName=NetSW41_2 Pin=SW41-3
Added Net: Name=NetSW41_2
Added Pin To Net: NetName=NetSW42_2 Pin=SW42-2
Added Pin To Net: NetName=NetSW42_2 Pin=SW42-3
Added Pin To Net: NetName=NetSW42_2 Pin=SW42-3
Added Net: Name=NetSW42_2
Added Pin To Net: NetName=NetSW43_2 Pin=SW43-2
Added Pin To Net: NetName=NetSW43_2 Pin=SW43-3
Added Pin To Net: NetName=NetSW43_2 Pin=SW43-3
Added Net: Name=NetSW43_2
Added Pin To Net: NetName=NetSW44_2 Pin=SW44-2
Added Pin To Net: NetName=NetSW44_2 Pin=SW44-3
Added Pin To Net: NetName=NetSW44_2 Pin=SW44-3
Added Net: Name=NetSW44_2
Added Pin To Net: NetName=NetSW45_2 Pin=SW45-2
Added Pin To Net: NetName=NetSW45_2 Pin=SW45-3
Added Pin To Net: NetName=NetSW45_2 Pin=SW45-3
Added Net: Name=NetSW45_2
Added Pin To Net: NetName=NetSW46_2 Pin=SW46-2
Added Pin To Net: NetName=NetSW46_2 Pin=SW46-3
Added Pin To Net: NetName=NetSW46_2 Pin=SW46-3
Added Net: Name=NetSW46_2
Added Pin To Net: NetName=NetSW47_2 Pin=SW47-2
Added Pin To Net: NetName=NetSW47_2 Pin=SW47-3
Added Pin To Net: NetName=NetSW47_2 Pin=SW47-3
Added Net: Name=NetSW47_2
Added Pin To Net: NetName=NetSW48_2 Pin=SW48-2
Added Pin To Net: NetName=NetSW48_2 Pin=SW48-3
Added Pin To Net: NetName=NetSW48_2 Pin=SW48-3
Added Net: Name=NetSW48_2
Added Pin To Net: NetName=NetSW49_2 Pin=SW49-2
Added Pin To Net: NetName=NetSW49_2 Pin=SW49-3
Added Pin To Net: NetName=NetSW49_2 Pin=SW49-3
Added Net: Name=NetSW49_2
Added Pin To Net: NetName=NetSW50_2 Pin=SW50-2
Added Pin To Net: NetName=NetSW50_2 Pin=SW50-3
Added Pin To Net: NetName=NetSW50_2 Pin=SW50-3
Added Net: Name=NetSW50_2
Added Pin To Net: NetName=NetSW51_2 Pin=SW51-2
Added Pin To Net: NetName=NetSW51_2 Pin=SW51-3
Added Pin To Net: NetName=NetSW51_2 Pin=SW51-3
Added Net: Name=NetSW51_2
Added Pin To Net: NetName=NetSW52_2 Pin=SW52-2
Added Pin To Net: NetName=NetSW52_2 Pin=SW52-3
Added Pin To Net: NetName=NetSW52_2 Pin=SW52-3
Added Net: Name=NetSW52_2
Added Pin To Net: NetName=NetSW53_2 Pin=SW53-2
Added Pin To Net: NetName=NetSW53_2 Pin=SW53-3
Added Pin To Net: NetName=NetSW53_2 Pin=SW53-3
Added Net: Name=NetSW53_2
Added Pin To Net: NetName=NetSW54_2 Pin=SW54-2
Added Pin To Net: NetName=NetSW54_2 Pin=SW54-3
Added Pin To Net: NetName=NetSW54_2 Pin=SW54-3
Added Net: Name=NetSW54_2
Added Pin To Net: NetName=NetSW55_2 Pin=SW55-2
Added Pin To Net: NetName=NetSW55_2 Pin=SW55-3
Added Pin To Net: NetName=NetSW55_2 Pin=SW55-3
Added Net: Name=NetSW55_2
Added Pin To Net: NetName=NetSW56_2 Pin=SW56-2
Added Pin To Net: NetName=NetSW56_2 Pin=SW56-3
Added Pin To Net: NetName=NetSW56_2 Pin=SW56-3
Added Net: Name=NetSW56_2
Added Pin To Net: NetName=NetSW57_2 Pin=SW57-2
Added Pin To Net: NetName=NetSW57_2 Pin=SW57-3
Added Pin To Net: NetName=NetSW57_2 Pin=SW57-3
Added Net: Name=NetSW57_2
Added Pin To Net: NetName=NetSW58_2 Pin=SW58-2
Added Pin To Net: NetName=NetSW58_2 Pin=SW58-3
Added Pin To Net: NetName=NetSW58_2 Pin=SW58-3
Added Net: Name=NetSW58_2
Added Pin To Net: NetName=NetSW59_2 Pin=SW59-2
Added Pin To Net: NetName=NetSW59_2 Pin=SW59-3
Added Pin To Net: NetName=NetSW59_2 Pin=SW59-3
Added Net: Name=NetSW59_2
Added Pin To Net: NetName=NetSW60_2 Pin=SW60-2
Added Pin To Net: NetName=NetSW60_2 Pin=SW60-3
Added Pin To Net: NetName=NetSW60_2 Pin=SW60-3
Added Net: Name=NetSW60_2
Added Pin To Net: NetName=NetSW61_2 Pin=SW61-2
Added Pin To Net: NetName=NetSW61_2 Pin=SW61-3
Added Pin To Net: NetName=NetSW61_2 Pin=SW61-3
Added Net: Name=NetSW61_2
Added Pin To Net: NetName=NetSW62_2 Pin=SW62-2
Added Pin To Net: NetName=NetSW62_2 Pin=SW62-3
Added Pin To Net: NetName=NetSW62_2 Pin=SW62-3
Added Net: Name=NetSW62_2
Added Pin To Net: NetName=NetSW63_2 Pin=SW63-2
Added Pin To Net: NetName=NetSW63_2 Pin=SW63-3
Added Pin To Net: NetName=NetSW63_2 Pin=SW63-3
Added Net: Name=NetSW63_2
Added Pin To Net: NetName=NetSW64_2 Pin=SW64-2
Added Pin To Net: NetName=NetSW64_2 Pin=SW64-3
Added Pin To Net: NetName=NetSW64_2 Pin=SW64-3
Added Net: Name=NetSW64_2
Added Pin To Net: NetName=NetSW65_2 Pin=SW65-2
Added Pin To Net: NetName=NetSW65_2 Pin=SW65-3
Added Pin To Net: NetName=NetSW65_2 Pin=SW65-3
Added Net: Name=NetSW65_2
Added Pin To Net: NetName=NetSW66_2 Pin=SW66-2
Added Pin To Net: NetName=NetSW66_2 Pin=SW66-3
Added Pin To Net: NetName=NetSW66_2 Pin=SW66-3
Added Net: Name=NetSW66_2
Added Pin To Net: NetName=NetSW67_2 Pin=SW67-2
Added Pin To Net: NetName=NetSW67_2 Pin=SW67-3
Added Pin To Net: NetName=NetSW67_2 Pin=SW67-3
Added Net: Name=NetSW67_2
Added Pin To Net: NetName=NetSW68_2 Pin=SW68-2
Added Pin To Net: NetName=NetSW68_2 Pin=SW68-3
Added Pin To Net: NetName=NetSW68_2 Pin=SW68-3
Added Net: Name=NetSW68_2
Added Pin To Net: NetName=NetSW69_2 Pin=SW69-2
Added Pin To Net: NetName=NetSW69_2 Pin=SW69-3
Added Pin To Net: NetName=NetSW69_2 Pin=SW69-3
Added Net: Name=NetSW69_2
Added Pin To Net: NetName=NetSW70_2 Pin=SW70-2
Added Pin To Net: NetName=NetSW70_2 Pin=SW70-3
Added Pin To Net: NetName=NetSW70_2 Pin=SW70-3
Added Net: Name=NetSW70_2
Added Pin To Net: NetName=NetSW71_2 Pin=SW71-2
Added Pin To Net: NetName=NetSW71_2 Pin=SW71-3
Added Pin To Net: NetName=NetSW71_2 Pin=SW71-3
Added Net: Name=NetSW71_2
Added Pin To Net: NetName=NetSW72_2 Pin=SW72-2
Added Pin To Net: NetName=NetSW72_2 Pin=SW72-3
Added Pin To Net: NetName=NetSW72_2 Pin=SW72-3
Added Net: Name=NetSW72_2
Added Pin To Net: NetName=NetSW73_2 Pin=SW73-2
Added Pin To Net: NetName=NetSW73_2 Pin=SW73-3
Added Pin To Net: NetName=NetSW73_2 Pin=SW73-3
Added Net: Name=NetSW73_2
Added Pin To Net: NetName=NetSW74_2 Pin=SW74-2
Added Pin To Net: NetName=NetSW74_2 Pin=SW74-3
Added Pin To Net: NetName=NetSW74_2 Pin=SW74-3
Added Net: Name=NetSW74_2
Added Pin To Net: NetName=NetSW75_2 Pin=SW75-2
Added Pin To Net: NetName=NetSW75_2 Pin=SW75-3
Added Pin To Net: NetName=NetSW75_2 Pin=SW75-3
Added Net: Name=NetSW75_2
Added Pin To Net: NetName=NetSW76_2 Pin=SW76-2
Added Pin To Net: NetName=NetSW76_2 Pin=SW76-3
Added Pin To Net: NetName=NetSW76_2 Pin=SW76-3
Added Net: Name=NetSW76_2
Added Pin To Net: NetName=NetSW77_2 Pin=SW77-2
Added Pin To Net: NetName=NetSW77_2 Pin=SW77-3
Added Pin To Net: NetName=NetSW77_2 Pin=SW77-3
Added Net: Name=NetSW77_2
Added Pin To Net: NetName=NetSW78_2 Pin=SW78-2
Added Pin To Net: NetName=NetSW78_2 Pin=SW78-3
Added Pin To Net: NetName=NetSW78_2 Pin=SW78-3
Added Net: Name=NetSW78_2
Added Pin To Net: NetName=NetSW79_2 Pin=SW79-2
Added Pin To Net: NetName=NetSW79_2 Pin=SW79-3
Added Pin To Net: NetName=NetSW79_2 Pin=SW79-3
Added Net: Name=NetSW79_2
Added Pin To Net: NetName=NetSW80_2 Pin=SW80-2
Added Pin To Net: NetName=NetSW80_2 Pin=SW80-3
Added Pin To Net: NetName=NetSW80_2 Pin=SW80-3
Added Net: Name=NetSW80_2
Added Pin To Net: NetName=NetSW81_2 Pin=SW81-2
Added Pin To Net: NetName=NetSW81_2 Pin=SW81-3
Added Pin To Net: NetName=NetSW81_2 Pin=SW81-3
Added Net: Name=NetSW81_2
Added Pin To Net: NetName=NetSW82_2 Pin=SW82-2
Added Pin To Net: NetName=NetSW82_2 Pin=SW82-3
Added Pin To Net: NetName=NetSW82_2 Pin=SW82-3
Added Net: Name=NetSW82_2
Added Pin To Net: NetName=NetSW83_2 Pin=SW83-2
Added Pin To Net: NetName=NetSW83_2 Pin=SW83-3
Added Pin To Net: NetName=NetSW83_2 Pin=SW83-3
Added Net: Name=NetSW83_2
Added Pin To Net: NetName=NetSW84_2 Pin=SW84-2
Added Pin To Net: NetName=NetSW84_2 Pin=SW84-3
Added Pin To Net: NetName=NetSW84_2 Pin=SW84-3
Added Net: Name=NetSW84_2
Added Pin To Net: NetName=NetSW85_2 Pin=SW85-2
Added Pin To Net: NetName=NetSW85_2 Pin=SW85-3
Added Pin To Net: NetName=NetSW85_2 Pin=SW85-3
Added Net: Name=NetSW85_2
Added Pin To Net: NetName=NetSW86_2 Pin=SW86-2
Added Pin To Net: NetName=NetSW86_2 Pin=SW86-3
Added Pin To Net: NetName=NetSW86_2 Pin=SW86-3
Added Net: Name=NetSW86_2
Added Pin To Net: NetName=NetSW87_2 Pin=SW87-2
Added Pin To Net: NetName=NetSW87_2 Pin=SW87-3
Added Pin To Net: NetName=NetSW87_2 Pin=SW87-3
Added Net: Name=NetSW87_2
Added Pin To Net: NetName=NetSW88_2 Pin=SW88-2
Added Pin To Net: NetName=NetSW88_2 Pin=SW88-3
Added Pin To Net: NetName=NetSW88_2 Pin=SW88-3
Added Net: Name=NetSW88_2
Added Pin To Net: NetName=NetSW89_2 Pin=SW89-2
Added Pin To Net: NetName=NetSW89_2 Pin=SW89-3
Added Pin To Net: NetName=NetSW89_2 Pin=SW89-3
Added Net: Name=NetSW89_2
Added Pin To Net: NetName=NetSW90_2 Pin=SW90-2
Added Pin To Net: NetName=NetSW90_2 Pin=SW90-3
Added Pin To Net: NetName=NetSW90_2 Pin=SW90-3
Added Net: Name=NetSW90_2
Added Pin To Net: NetName=NetSW91_2 Pin=SW91-2
Added Pin To Net: NetName=NetSW91_2 Pin=SW91-3
Added Pin To Net: NetName=NetSW91_2 Pin=SW91-3
Added Net: Name=NetSW91_2
Added Pin To Net: NetName=NetSW92_2 Pin=SW92-2
Added Pin To Net: NetName=NetSW92_2 Pin=SW92-3
Added Pin To Net: NetName=NetSW92_2 Pin=SW92-3
Added Net: Name=NetSW92_2
Added Pin To Net: NetName=NetSW93_2 Pin=SW93-2
Added Pin To Net: NetName=NetSW93_2 Pin=SW93-3
Added Pin To Net: NetName=NetSW93_2 Pin=SW93-3
Added Net: Name=NetSW93_2
Added Pin To Net: NetName=NetSW94_2 Pin=SW94-2
Added Pin To Net: NetName=NetSW94_2 Pin=SW94-3
Added Pin To Net: NetName=NetSW94_2 Pin=SW94-3
Added Net: Name=NetSW94_2
Added Pin To Net: NetName=NetSW95_2 Pin=SW95-2
Added Pin To Net: NetName=NetSW95_2 Pin=SW95-3
Added Pin To Net: NetName=NetSW95_2 Pin=SW95-3
Added Net: Name=NetSW95_2
Added Pin To Net: NetName=NetSW96_2 Pin=SW96-2
Added Pin To Net: NetName=NetSW96_2 Pin=SW96-3
Added Pin To Net: NetName=NetSW96_2 Pin=SW96-3
Added Net: Name=NetSW96_2
Added Member To Class: ClassName=keyboard Member=Component P1 Header 16X2A
