Added Component: Designator=P1(HDR2X16_CEN)
Added Pin To Net: NetName=ROW1 Pin=P1-1
Added Pin To Net: NetName=ROW2 Pin=P1-2
Added Pin To Net: NetName=ROW3 Pin=P1-3
Added Pin To Net: NetName=ROW4 Pin=P1-4
Added Pin To Net: NetName=ROW5 Pin=P1-5
Added Pin To Net: NetName=ROW6 Pin=P1-6
Added Pin To Net: NetName=ROW7 Pin=P1-7
Added Pin To Net: NetName=COL1 Pin=P1-8
Added Pin To Net: NetName=COL2 Pin=P1-9
Added Pin To Net: NetName=COL3 Pin=P1-10
Added Pin To Net: NetName=COL4 Pin=P1-11
Added Pin To Net: NetName=COL5 Pin=P1-12
Added Pin To Net: NetName=COL6 Pin=P1-13
Added Pin To Net: NetName=COL7 Pin=P1-14
Added Pin To Net: NetName=PD+ Pin=P1-15
Added Pin To Net: NetName=RGB Pin=P1-16
Added Pin To Net: NetName=COL8 Pin=P1-17
Added Pin To Net: NetName=COL9 Pin=P1-18
Added Pin To Net: NetName=COL10 Pin=P1-19
Added Pin To Net: NetName=COL11 Pin=P1-20
Added Pin To Net: NetName=COL12 Pin=P1-21
Added Pin To Net: NetName=COL13 Pin=P1-22
Added Pin To Net: NetName=COL14 Pin=P1-23
Added Pin To Net: NetName=COL15 Pin=P1-24
Added Pin To Net: NetName=COL16 Pin=P1-25
Added Pin To Net: NetName=LED2 Pin=P1-26
Added Pin To Net: NetName=I2C_SCL Pin=P1-27
Added Pin To Net: NetName=I2C_SDA Pin=P1-28
Added Pin To Net: NetName=VCC Pin=P1-29
Added Pin To Net: NetName=GND Pin=P1-30
Added Pin To Net: NetName=PD- Pin=P1-31
Added Pin To Net: NetName=VCC Pin=SW79-5
Added Pin To Net: NetName=VCC Pin=SW79-5
Added Member To Class: ClassName=keyboard Member=Component P1 Header 16X2A
Added Room: Name=keyboard
