Removed Pin From Net: NetName=LED1 Pin=D1-1
Removed Pin From Net: NetName=VCC Pin=D1-2
Removed Pin From Net: NetName=LED2 Pin=D2-1
Removed Pin From Net: NetName=VCC Pin=D2-2
Removed Pin From Net: NetName=LED3 Pin=D3-1
Removed Pin From Net: NetName=VCC Pin=D3-2
Removed Pin From Net: NetName=ROW1 Pin=FPC1-5
Removed Pin From Net: NetName=ROW2 Pin=FPC1-6
Removed Pin From Net: NetName=ROW3 Pin=FPC1-7
Removed Pin From Net: NetName=ROW4 Pin=FPC1-8
Removed Pin From Net: NetName=ROW5 Pin=FPC1-9
Removed Pin From Net: NetName=ROW6 Pin=FPC1-10
Removed Pin From Net: NetName=ROW7 Pin=FPC1-11
Removed Pin From Net: NetName=COL1 Pin=FPC1-12
Removed Pin From Net: NetName=COL2 Pin=FPC1-13
Removed Pin From Net: NetName=COL3 Pin=FPC1-14
Removed Pin From Net: NetName=COL4 Pin=FPC1-15
Removed Pin From Net: NetName=COL5 Pin=FPC1-16
Removed Pin From Net: NetName=COL6 Pin=FPC1-17
Removed Pin From Net: NetName=COL7 Pin=FPC1-18
Removed Pin From Net: NetName=RGB Pin=FPC1-20
Removed Pin From Net: NetName=COL8 Pin=FPC1-21
Removed Pin From Net: NetName=COL9 Pin=FPC1-22
Removed Pin From Net: NetName=COL10 Pin=FPC1-23
Removed Pin From Net: NetName=COL11 Pin=FPC1-24
Removed Pin From Net: NetName=COL12 Pin=FPC1-25
Removed Pin From Net: NetName=COL13 Pin=FPC1-26
Removed Pin From Net: NetName=COL14 Pin=FPC1-27
Removed Pin From Net: NetName=COL15 Pin=FPC1-28
Removed Pin From Net: NetName=COL16 Pin=FPC1-29
Removed Pin From Net: NetName=LED2 Pin=FPC1-30
Removed Pin From Net: NetName=VCC Pin=FPC1-33
Removed Pin From Net: NetName=GND Pin=FPC1-34
Removed Pin From Net: NetName=PD- Pin=FPC1-35
Added Component: Designator=P1(PH_2PIN_1.25_T_90)
Added Component: Designator=R1(R0603)
Added Component: Designator=R2(R0603)
Added Component: Designator=R3(R0603)
Added Pin To Net: NetName=LED1 Pin=D1-2
Added Pin To Net: NetName=LED2 Pin=D2-2
Added Pin To Net: NetName=LED3 Pin=D3-2
Added Pin To Net: NetName=ROW1 Pin=FPC1-1
Added Pin To Net: NetName=ROW2 Pin=FPC1-2
Added Pin To Net: NetName=ROW3 Pin=FPC1-3
Added Pin To Net: NetName=ROW4 Pin=FPC1-4
Added Pin To Net: NetName=ROW5 Pin=FPC1-5
Added Pin To Net: NetName=ROW6 Pin=FPC1-6
Added Pin To Net: NetName=ROW7 Pin=FPC1-7
Added Pin To Net: NetName=COL1 Pin=FPC1-8
Added Pin To Net: NetName=COL2 Pin=FPC1-9
Added Pin To Net: NetName=COL3 Pin=FPC1-10
Added Pin To Net: NetName=COL4 Pin=FPC1-11
Added Pin To Net: NetName=COL5 Pin=FPC1-12
Added Pin To Net: NetName=COL6 Pin=FPC1-13
Added Pin To Net: NetName=COL7 Pin=FPC1-14
Added Pin To Net: NetName=COL8 Pin=FPC1-15
Added Pin To Net: NetName=COL9 Pin=FPC1-16
Added Pin To Net: NetName=COL10 Pin=FPC1-17
Added Pin To Net: NetName=COL11 Pin=FPC1-18
Added Pin To Net: NetName=COL12 Pin=FPC1-19
Added Pin To Net: NetName=COL13 Pin=FPC1-20
Added Pin To Net: NetName=COL14 Pin=FPC1-21
Added Pin To Net: NetName=COL15 Pin=FPC1-22
Added Pin To Net: NetName=COL16 Pin=FPC1-23
Added Pin To Net: NetName=LED1 Pin=FPC1-24
Added Pin To Net: NetName=LED2 Pin=FPC1-25
Added Pin To Net: NetName=LED3 Pin=FPC1-26
Added Pin To Net: NetName=PD- Pin=FPC1-33
Added Pin To Net: NetName=RGB Pin=FPC1-34
Added Pin To Net: NetName=GND Pin=FPC1-36
Added Pin To Net: NetName=GND Pin=P1-1
Change Net Name : Old Net Name=I2C_SDA New Net Name=PD+
Change Net Name : Old Net Name=VCC New Net Name=VBUS
Added Pin To Net: NetName=NetD1_1 Pin=D1-1
Added Pin To Net: NetName=NetD1_1 Pin=R1-2
Added Net: Name=NetD1_1
Added Pin To Net: NetName=NetD2_1 Pin=D2-1
Added Pin To Net: NetName=NetD2_1 Pin=R2-2
Added Net: Name=NetD2_1
Added Pin To Net: NetName=NetD3_1 Pin=D3-1
Added Pin To Net: NetName=NetD3_1 Pin=R3-2
Added Net: Name=NetD3_1
Added Pin To Net: NetName=V3_3 Pin=FPC1-35
Added Pin To Net: NetName=V3_3 Pin=R1-1
Added Pin To Net: NetName=V3_3 Pin=R2-1
Added Pin To Net: NetName=V3_3 Pin=R3-1
Added Net: Name=V3_3
Added Pin To Net: NetName=VBAT Pin=P1-2
Added Net: Name=VBAT
Added Member To Class: ClassName=keyboard Member=Component P1 1.25T-2-2A
Added Member To Class: ClassName=keyboard Member=Component R1 10k
Added Member To Class: ClassName=keyboard Member=Component R2 10k
Added Member To Class: ClassName=keyboard Member=Component R3 10k
Added Room: Name=keyboard
