Added Component: Designator=D1(LED-0)
Added Component: Designator=P1(HDR2X16_CEN)
Added Component: Designator=P2(5050)
Added Component: Designator=P3(5050)
Added Component: Designator=P4(5050)
Added Component: Designator=P5(5050)
Added Component: Designator=P6(5050)
Added Component: Designator=P7(5050)
Added Component: Designator=P8(5050)
Added Component: Designator=P9(5050)
Added Component: Designator=P10(5050)
Added Component: Designator=P11(5050)
Added Component: Designator=P12(5050)
Added Component: Designator=P13(5050)
Added Component: Designator=P14(5050)
Added Component: Designator=P15(5050)
Added Component: Designator=P16(5050)
Added Component: Designator=P17(5050)
Added Component: Designator=P18(5050)
Added Component: Designator=P19(5050)
Added Component: Designator=P20(5050)
Added Component: Designator=P21(5050)
Added Component: Designator=P22(5050)
Added Component: Designator=P23(5050)
Added Component: Designator=P24(5050)
Added Component: Designator=P25(5050)
Added Component: Designator=P26(5050)
Added Component: Designator=P27(5050)
Added Component: Designator=P28(5050)
Added Component: Designator=P29(5050)
Added Component: Designator=P30(5050)
Added Component: Designator=P31(5050)
Added Component: Designator=P32(5050)
Added Component: Designator=P33(5050)
Added Component: Designator=P34(5050)
Added Component: Designator=P35(5050)
Added Component: Designator=P36(5050)
Added Component: Designator=P37(5050)
Added Component: Designator=P38(5050)
Added Component: Designator=P39(5050)
Added Component: Designator=P40(5050)
Added Component: Designator=P41(5050)
Added Component: Designator=P42(5050)
Added Component: Designator=P43(5050)
Added Component: Designator=P44(5050)
Added Component: Designator=P45(5050)
Added Component: Designator=P46(5050)
Added Component: Designator=P47(5050)
Added Component: Designator=P48(5050)
Added Component: Designator=P49(5050)
Added Component: Designator=P50(5050)
Added Component: Designator=P51(5050)
Added Component: Designator=P52(5050)
Added Component: Designator=P53(5050)
Added Component: Designator=P54(5050)
Added Component: Designator=P55(5050)
Added Component: Designator=P56(5050)
Added Component: Designator=P57(5050)
Added Component: Designator=P58(5050)
Added Component: Designator=P59(5050)
Added Component: Designator=P60(5050)
Added Component: Designator=P61(5050)
Added Component: Designator=P62(5050)
Added Component: Designator=SW1(MX_SW-7)
Added Component: Designator=SW2(MX_SW-7)
Added Component: Designator=SW3(MX_SW-7)
Added Component: Designator=SW4(MX_SW-7)
Added Component: Designator=SW5(MX_SW-7)
Added Component: Designator=SW6(MX_SW-7)
Added Component: Designator=SW7(MX_SW-7)
Added Component: Designator=SW8(MX_SW-7)
Added Component: Designator=SW9(MX_SW-7)
Added Component: Designator=SW10(MX_SW-7)
Added Component: Designator=SW11(MX_SW-7)
Added Component: Designator=SW12(MX_SW-7)
Added Component: Designator=SW13(MX_SW-7)
Added Component: Designator=SW14(MX_SW-7)
Added Component: Designator=SW15(MX_SW-7)
Added Component: Designator=SW16(MX_SW-7)
Added Component: Designator=SW17(MX_SW-7)
Added Component: Designator=SW18(MX_SW-7)
Added Component: Designator=SW19(MX_SW-7)
Added Component: Designator=SW20(MX_SW-7)
Added Component: Designator=SW21(MX_SW-7)
Added Component: Designator=SW22(MX_SW-7)
Added Component: Designator=SW23(MX_SW-7)
Added Component: Designator=SW24(MX_SW-7)
Added Component: Designator=SW25(MX_SW-7)
Added Component: Designator=SW26(MX_SW-7)
Added Component: Designator=SW27(MX_SW-7)
Added Component: Designator=SW28(MX_SW-7)
Added Component: Designator=SW29(MX_SW-7)
Added Component: Designator=SW30(MX_SW-7)
Added Component: Designator=SW31(MX_SW-7)
Added Component: Designator=SW32(MX_SW-7)
Added Component: Designator=SW33(MX_SW-7)
Added Component: Designator=SW34(MX_SW-7)
Added Component: Designator=SW35(MX_SW-7)
Added Component: Designator=SW36(MX_SW-7)
Added Component: Designator=SW37(MX_SW-7)
Added Component: Designator=SW38(MX_SW-7)
Added Component: Designator=SW39(MX_SW-7)
Added Component: Designator=SW40(MX_SW-7)
Added Component: Designator=SW41(MX_SW-7)
Added Component: Designator=SW42(MX_SW-7)
Added Component: Designator=SW43(MX_SW-7)
Added Component: Designator=SW44(MX_SW-7)
Added Component: Designator=SW45(MX_SW-7)
Added Component: Designator=SW46(MX_SW-7)
Added Component: Designator=SW47(MX_SW-7)
Added Component: Designator=SW48(MX_SW-7)
Added Component: Designator=SW49(MX_SW-7)
Added Component: Designator=SW50(MX_SW-7)
Added Component: Designator=SW51(MX_SW-7)
Added Component: Designator=SW52(MX_SW-7)
Added Component: Designator=SW53(MX_SW-7)
Added Component: Designator=SW54(MX_SW-7)
Added Component: Designator=SW55(MX_SW-7)
Added Component: Designator=SW56(MX_SW-7)
Added Component: Designator=SW57(MX_SW-7)
Added Component: Designator=SW58(MX_SW-7)
Added Component: Designator=SW59(MX_SW-7)
Added Component: Designator=SW60(MX_SW-7)
Added Component: Designator=SW61(MX_SW-7)
Added Component: Designator=SW62(MX_SW-7)
Added Component: Designator=SW63(MX_SW-7)
Added Component: Designator=SW64(MX_SW-7)
Added Component: Designator=SW65(MX_SW-7)
Added Component: Designator=SW66(MX_SW-7)
Added Component: Designator=SW67(MX_SW-7)
Added Component: Designator=SW68(MX_SW-7)
Added Component: Designator=SW69(MX_SW-7)
Added Component: Designator=SW70(MX_SW-7)
Added Component: Designator=SW71(MX_SW-7)
Added Component: Designator=SW72(MX_SW-7)
Added Component: Designator=SW73(MX_SW-7)
Added Component: Designator=SW74(MX_SW-7)
Added Component: Designator=SW75(MX_SW-7)
Added Component: Designator=SW76(MX_SW-7)
Added Component: Designator=SW77(MX_SW-7)
Added Component: Designator=SW78(MX_SW-7)
Added Component: Designator=SW79(MX_SW-7)
Added Component: Designator=SW80(MX_SW-7)
Added Component: Designator=SW81(MX_SW-7)
Added Component: Designator=SW82(MX_SW-7)
Added Component: Designator=SW83(MX_SW-7)
Added Component: Designator=SW84(MX_SW-7)
Added Component: Designator=SW85(MX_SW-7)
Added Component: Designator=SW86(MX_SW-7)
Added Component: Designator=SW87(MX_SW-7)
Added Component: Designator=SW88(MX_SW-7)
Added Component: Designator=SW89(MX_SW-7)
Added Component: Designator=SW90(MX_SW-7)
Added Component: Designator=SW91(MX_SW-7)
Added Component: Designator=SW92(MX_SW-7)
Added Component: Designator=SW93(MX_SW-7)
Added Component: Designator=SW94(MX_SW-7)
Added Component: Designator=SW95(MX_SW-7)
Added Component: Designator=SW96(MX_SW-7)
Added Pin To Net: NetName=LED1 Pin=D1-1
Added Pin To Net: NetName=VCC Pin=D1-2
Added Pin To Net: NetName=ROW1 Pin=P1-1
Added Pin To Net: NetName=ROW2 Pin=P1-2
Added Pin To Net: NetName=ROW3 Pin=P1-3
Added Pin To Net: NetName=ROW4 Pin=P1-4
Added Pin To Net: NetName=ROW5 Pin=P1-5
Added Pin To Net: NetName=ROW6 Pin=P1-6
Added Pin To Net: NetName=ROW7 Pin=P1-7
Added Pin To Net: NetName=COL1 Pin=P1-8
Added Pin To Net: NetName=COL2 Pin=P1-9
Added Pin To Net: NetName=COL3 Pin=P1-10
Added Pin To Net: NetName=COL4 Pin=P1-11
Added Pin To Net: NetName=COL5 Pin=P1-12
Added Pin To Net: NetName=COL6 Pin=P1-13
Added Pin To Net: NetName=COL7 Pin=P1-14
Added Pin To Net: NetName=PD+ Pin=P1-15
Added Pin To Net: NetName=COL8 Pin=P1-17
Added Pin To Net: NetName=COL9 Pin=P1-18
Added Pin To Net: NetName=COL10 Pin=P1-19
Added Pin To Net: NetName=COL11 Pin=P1-20
Added Pin To Net: NetName=COL12 Pin=P1-21
Added Pin To Net: NetName=COL13 Pin=P1-22
Added Pin To Net: NetName=COL14 Pin=P1-23
Added Pin To Net: NetName=COL15 Pin=P1-24
Added Pin To Net: NetName=COL16 Pin=P1-25
Added Pin To Net: NetName=LED2 Pin=P1-26
Added Pin To Net: NetName=I2C_SCL Pin=P1-27
Added Pin To Net: NetName=I2C_SDA Pin=P1-28
Added Pin To Net: NetName=VCC Pin=P1-29
Added Pin To Net: NetName=GND Pin=P1-30
Added Pin To Net: NetName=PD- Pin=P1-31
Added Pin To Net: NetName=ROW1 Pin=SW1-1
Added Pin To Net: NetName=NetSW1_2 Pin=SW1-2
Added Pin To Net: NetName=NetSW1_2 Pin=SW1-3
Added Pin To Net: NetName=COL1 Pin=SW1-4
Added Pin To Net: NetName=NetSW1_6 Pin=SW1-6
Added Pin To Net: NetName=VCC Pin=SW1-7
Added Pin To Net: NetName=ROW1 Pin=SW2-1
Added Pin To Net: NetName=NetSW2_2 Pin=SW2-2
Added Pin To Net: NetName=NetSW2_2 Pin=SW2-3
Added Pin To Net: NetName=COL2 Pin=SW2-4
Added Pin To Net: NetName=NetSW1_6 Pin=SW2-5
Added Pin To Net: NetName=NetSW2_6 Pin=SW2-6
Added Pin To Net: NetName=ROW1 Pin=SW3-1
Added Pin To Net: NetName=NetSW3_2 Pin=SW3-2
Added Pin To Net: NetName=NetSW3_2 Pin=SW3-3
Added Pin To Net: NetName=COL3 Pin=SW3-4
Added Pin To Net: NetName=NetSW2_6 Pin=SW3-5
Added Pin To Net: NetName=NetSW3_6 Pin=SW3-6
Added Pin To Net: NetName=ROW1 Pin=SW4-1
Added Pin To Net: NetName=NetSW4_2 Pin=SW4-2
Added Pin To Net: NetName=NetSW4_2 Pin=SW4-3
Added Pin To Net: NetName=COL4 Pin=SW4-4
Added Pin To Net: NetName=NetSW3_6 Pin=SW4-5
Added Pin To Net: NetName=NetSW4_6 Pin=SW4-6
Added Pin To Net: NetName=ROW1 Pin=SW5-1
Added Pin To Net: NetName=NetSW5_2 Pin=SW5-2
Added Pin To Net: NetName=NetSW5_2 Pin=SW5-3
Added Pin To Net: NetName=COL5 Pin=SW5-4
Added Pin To Net: NetName=NetSW4_6 Pin=SW5-5
Added Pin To Net: NetName=ROW1 Pin=SW6-1
Added Pin To Net: NetName=NetSW6_2 Pin=SW6-2
Added Pin To Net: NetName=NetSW6_2 Pin=SW6-3
Added Pin To Net: NetName=COL6 Pin=SW6-4
Added Pin To Net: NetName=ROW1 Pin=SW7-1
Added Pin To Net: NetName=NetSW7_2 Pin=SW7-2
Added Pin To Net: NetName=NetSW7_2 Pin=SW7-3
Added Pin To Net: NetName=COL7 Pin=SW7-4
Added Pin To Net: NetName=ROW1 Pin=SW8-1
Added Pin To Net: NetName=NetSW8_2 Pin=SW8-2
Added Pin To Net: NetName=NetSW8_2 Pin=SW8-3
Added Pin To Net: NetName=COL8 Pin=SW8-4
Added Pin To Net: NetName=ROW1 Pin=SW9-1
Added Pin To Net: NetName=NetSW9_2 Pin=SW9-2
Added Pin To Net: NetName=NetSW9_2 Pin=SW9-3
Added Pin To Net: NetName=COL9 Pin=SW9-4
Added Pin To Net: NetName=ROW1 Pin=SW10-1
Added Pin To Net: NetName=NetSW10_2 Pin=SW10-2
Added Pin To Net: NetName=NetSW10_2 Pin=SW10-3
Added Pin To Net: NetName=COL10 Pin=SW10-4
Added Pin To Net: NetName=ROW1 Pin=SW11-1
Added Pin To Net: NetName=NetSW11_2 Pin=SW11-2
Added Pin To Net: NetName=NetSW11_2 Pin=SW11-3
Added Pin To Net: NetName=COL11 Pin=SW11-4
Added Pin To Net: NetName=ROW1 Pin=SW12-1
Added Pin To Net: NetName=NetSW12_2 Pin=SW12-2
Added Pin To Net: NetName=NetSW12_2 Pin=SW12-3
Added Pin To Net: NetName=COL12 Pin=SW12-4
Added Pin To Net: NetName=ROW1 Pin=SW13-1
Added Pin To Net: NetName=NetSW13_2 Pin=SW13-2
Added Pin To Net: NetName=NetSW13_2 Pin=SW13-3
Added Pin To Net: NetName=COL13 Pin=SW13-4
Added Pin To Net: NetName=ROW1 Pin=SW14-1
Added Pin To Net: NetName=NetSW14_2 Pin=SW14-2
Added Pin To Net: NetName=NetSW14_2 Pin=SW14-3
Added Pin To Net: NetName=COL14 Pin=SW14-4
Added Pin To Net: NetName=ROW1 Pin=SW15-1
Added Pin To Net: NetName=NetSW15_2 Pin=SW15-2
Added Pin To Net: NetName=NetSW15_2 Pin=SW15-3
Added Pin To Net: NetName=COL15 Pin=SW15-4
Added Pin To Net: NetName=ROW1 Pin=SW16-1
Added Pin To Net: NetName=NetSW16_2 Pin=SW16-2
Added Pin To Net: NetName=NetSW16_2 Pin=SW16-3
Added Pin To Net: NetName=COL16 Pin=SW16-4
Added Pin To Net: NetName=ROW2 Pin=SW17-1
Added Pin To Net: NetName=NetSW17_2 Pin=SW17-2
Added Pin To Net: NetName=NetSW17_2 Pin=SW17-3
Added Pin To Net: NetName=COL1 Pin=SW17-4
Added Pin To Net: NetName=ROW2 Pin=SW18-1
Added Pin To Net: NetName=NetSW18_2 Pin=SW18-2
Added Pin To Net: NetName=NetSW18_2 Pin=SW18-3
Added Pin To Net: NetName=COL2 Pin=SW18-4
Added Pin To Net: NetName=ROW2 Pin=SW19-1
Added Pin To Net: NetName=NetSW19_2 Pin=SW19-2
Added Pin To Net: NetName=NetSW19_2 Pin=SW19-3
Added Pin To Net: NetName=COL3 Pin=SW19-4
Added Pin To Net: NetName=ROW2 Pin=SW20-1
Added Pin To Net: NetName=NetSW20_2 Pin=SW20-2
Added Pin To Net: NetName=NetSW20_2 Pin=SW20-3
Added Pin To Net: NetName=COL4 Pin=SW20-4
Added Pin To Net: NetName=ROW2 Pin=SW21-1
Added Pin To Net: NetName=NetSW21_2 Pin=SW21-2
Added Pin To Net: NetName=NetSW21_2 Pin=SW21-3
Added Pin To Net: NetName=COL5 Pin=SW21-4
Added Pin To Net: NetName=ROW2 Pin=SW22-1
Added Pin To Net: NetName=NetSW22_2 Pin=SW22-2
Added Pin To Net: NetName=NetSW22_2 Pin=SW22-3
Added Pin To Net: NetName=COL6 Pin=SW22-4
Added Pin To Net: NetName=ROW2 Pin=SW23-1
Added Pin To Net: NetName=NetSW23_2 Pin=SW23-2
Added Pin To Net: NetName=NetSW23_2 Pin=SW23-3
Added Pin To Net: NetName=COL7 Pin=SW23-4
Added Pin To Net: NetName=ROW2 Pin=SW24-1
Added Pin To Net: NetName=NetSW24_2 Pin=SW24-2
Added Pin To Net: NetName=NetSW24_2 Pin=SW24-3
Added Pin To Net: NetName=COL8 Pin=SW24-4
Added Pin To Net: NetName=ROW2 Pin=SW25-1
Added Pin To Net: NetName=NetSW25_2 Pin=SW25-2
Added Pin To Net: NetName=NetSW25_2 Pin=SW25-3
Added Pin To Net: NetName=COL9 Pin=SW25-4
Added Pin To Net: NetName=ROW2 Pin=SW26-1
Added Pin To Net: NetName=NetSW26_2 Pin=SW26-2
Added Pin To Net: NetName=NetSW26_2 Pin=SW26-3
Added Pin To Net: NetName=COL10 Pin=SW26-4
Added Pin To Net: NetName=ROW2 Pin=SW27-1
Added Pin To Net: NetName=NetSW27_2 Pin=SW27-2
Added Pin To Net: NetName=NetSW27_2 Pin=SW27-3
Added Pin To Net: NetName=COL11 Pin=SW27-4
Added Pin To Net: NetName=ROW2 Pin=SW28-1
Added Pin To Net: NetName=NetSW28_2 Pin=SW28-2
Added Pin To Net: NetName=NetSW28_2 Pin=SW28-3
Added Pin To Net: NetName=COL12 Pin=SW28-4
Added Pin To Net: NetName=ROW2 Pin=SW29-1
Added Pin To Net: NetName=NetSW29_2 Pin=SW29-2
Added Pin To Net: NetName=NetSW29_2 Pin=SW29-3
Added Pin To Net: NetName=COL13 Pin=SW29-4
Added Pin To Net: NetName=ROW2 Pin=SW30-1
Added Pin To Net: NetName=NetSW30_2 Pin=SW30-2
Added Pin To Net: NetName=NetSW30_2 Pin=SW30-3
Added Pin To Net: NetName=COL14 Pin=SW30-4
Added Pin To Net: NetName=ROW2 Pin=SW31-1
Added Pin To Net: NetName=NetSW31_2 Pin=SW31-2
Added Pin To Net: NetName=NetSW31_2 Pin=SW31-3
Added Pin To Net: NetName=COL15 Pin=SW31-4
Added Pin To Net: NetName=ROW2 Pin=SW32-1
Added Pin To Net: NetName=NetSW32_2 Pin=SW32-2
Added Pin To Net: NetName=NetSW32_2 Pin=SW32-3
Added Pin To Net: NetName=COL16 Pin=SW32-4
Added Pin To Net: NetName=ROW3 Pin=SW33-1
Added Pin To Net: NetName=NetSW33_2 Pin=SW33-2
Added Pin To Net: NetName=NetSW33_2 Pin=SW33-3
Added Pin To Net: NetName=COL1 Pin=SW33-4
Added Pin To Net: NetName=ROW3 Pin=SW34-1
Added Pin To Net: NetName=NetSW34_2 Pin=SW34-2
Added Pin To Net: NetName=NetSW34_2 Pin=SW34-3
Added Pin To Net: NetName=COL2 Pin=SW34-4
Added Pin To Net: NetName=ROW3 Pin=SW35-1
Added Pin To Net: NetName=NetSW35_2 Pin=SW35-2
Added Pin To Net: NetName=NetSW35_2 Pin=SW35-3
Added Pin To Net: NetName=COL3 Pin=SW35-4
Added Pin To Net: NetName=ROW3 Pin=SW36-1
Added Pin To Net: NetName=NetSW36_2 Pin=SW36-2
Added Pin To Net: NetName=NetSW36_2 Pin=SW36-3
Added Pin To Net: NetName=COL4 Pin=SW36-4
Added Pin To Net: NetName=ROW3 Pin=SW37-1
Added Pin To Net: NetName=NetSW37_2 Pin=SW37-2
Added Pin To Net: NetName=NetSW37_2 Pin=SW37-3
Added Pin To Net: NetName=COL5 Pin=SW37-4
Added Pin To Net: NetName=ROW3 Pin=SW38-1
Added Pin To Net: NetName=NetSW38_2 Pin=SW38-2
Added Pin To Net: NetName=NetSW38_2 Pin=SW38-3
Added Pin To Net: NetName=COL6 Pin=SW38-4
Added Pin To Net: NetName=ROW3 Pin=SW39-1
Added Pin To Net: NetName=NetSW39_2 Pin=SW39-2
Added Pin To Net: NetName=NetSW39_2 Pin=SW39-3
Added Pin To Net: NetName=COL7 Pin=SW39-4
Added Pin To Net: NetName=ROW3 Pin=SW40-1
Added Pin To Net: NetName=NetSW40_2 Pin=SW40-2
Added Pin To Net: NetName=NetSW40_2 Pin=SW40-3
Added Pin To Net: NetName=COL8 Pin=SW40-4
Added Pin To Net: NetName=ROW3 Pin=SW41-1
Added Pin To Net: NetName=NetSW41_2 Pin=SW41-2
Added Pin To Net: NetName=NetSW41_2 Pin=SW41-3
Added Pin To Net: NetName=COL9 Pin=SW41-4
Added Pin To Net: NetName=ROW3 Pin=SW42-1
Added Pin To Net: NetName=NetSW42_2 Pin=SW42-2
Added Pin To Net: NetName=NetSW42_2 Pin=SW42-3
Added Pin To Net: NetName=COL10 Pin=SW42-4
Added Pin To Net: NetName=ROW3 Pin=SW43-1
Added Pin To Net: NetName=NetSW43_2 Pin=SW43-2
Added Pin To Net: NetName=NetSW43_2 Pin=SW43-3
Added Pin To Net: NetName=COL11 Pin=SW43-4
Added Pin To Net: NetName=ROW3 Pin=SW44-1
Added Pin To Net: NetName=NetSW44_2 Pin=SW44-2
Added Pin To Net: NetName=NetSW44_2 Pin=SW44-3
Added Pin To Net: NetName=COL12 Pin=SW44-4
Added Pin To Net: NetName=ROW3 Pin=SW45-1
Added Pin To Net: NetName=NetSW45_2 Pin=SW45-2
Added Pin To Net: NetName=NetSW45_2 Pin=SW45-3
Added Pin To Net: NetName=COL13 Pin=SW45-4
Added Pin To Net: NetName=ROW3 Pin=SW46-1
Added Pin To Net: NetName=NetSW46_2 Pin=SW46-2
Added Pin To Net: NetName=NetSW46_2 Pin=SW46-3
Added Pin To Net: NetName=COL14 Pin=SW46-4
Added Pin To Net: NetName=ROW3 Pin=SW47-1
Added Pin To Net: NetName=NetSW47_2 Pin=SW47-2
Added Pin To Net: NetName=NetSW47_2 Pin=SW47-3
Added Pin To Net: NetName=COL15 Pin=SW47-4
Added Pin To Net: NetName=ROW3 Pin=SW48-1
Added Pin To Net: NetName=NetSW48_2 Pin=SW48-2
Added Pin To Net: NetName=NetSW48_2 Pin=SW48-3
Added Pin To Net: NetName=COL16 Pin=SW48-4
Added Pin To Net: NetName=ROW4 Pin=SW49-1
Added Pin To Net: NetName=NetSW49_2 Pin=SW49-2
Added Pin To Net: NetName=NetSW49_2 Pin=SW49-3
Added Pin To Net: NetName=COL1 Pin=SW49-4
Added Pin To Net: NetName=ROW4 Pin=SW50-1
Added Pin To Net: NetName=NetSW50_2 Pin=SW50-2
Added Pin To Net: NetName=NetSW50_2 Pin=SW50-3
Added Pin To Net: NetName=COL2 Pin=SW50-4
Added Pin To Net: NetName=ROW4 Pin=SW51-1
Added Pin To Net: NetName=NetSW51_2 Pin=SW51-2
Added Pin To Net: NetName=NetSW51_2 Pin=SW51-3
Added Pin To Net: NetName=COL3 Pin=SW51-4
Added Pin To Net: NetName=ROW4 Pin=SW52-1
Added Pin To Net: NetName=NetSW52_2 Pin=SW52-2
Added Pin To Net: NetName=NetSW52_2 Pin=SW52-3
Added Pin To Net: NetName=COL4 Pin=SW52-4
Added Pin To Net: NetName=ROW4 Pin=SW53-1
Added Pin To Net: NetName=NetSW53_2 Pin=SW53-2
Added Pin To Net: NetName=NetSW53_2 Pin=SW53-3
Added Pin To Net: NetName=COL5 Pin=SW53-4
Added Pin To Net: NetName=ROW4 Pin=SW54-1
Added Pin To Net: NetName=NetSW54_2 Pin=SW54-2
Added Pin To Net: NetName=NetSW54_2 Pin=SW54-3
Added Pin To Net: NetName=COL6 Pin=SW54-4
Added Pin To Net: NetName=ROW4 Pin=SW55-1
Added Pin To Net: NetName=NetSW55_2 Pin=SW55-2
Added Pin To Net: NetName=NetSW55_2 Pin=SW55-3
Added Pin To Net: NetName=COL7 Pin=SW55-4
Added Pin To Net: NetName=ROW4 Pin=SW56-1
Added Pin To Net: NetName=NetSW56_2 Pin=SW56-2
Added Pin To Net: NetName=NetSW56_2 Pin=SW56-3
Added Pin To Net: NetName=COL8 Pin=SW56-4
Added Pin To Net: NetName=ROW4 Pin=SW57-1
Added Pin To Net: NetName=NetSW57_2 Pin=SW57-2
Added Pin To Net: NetName=NetSW57_2 Pin=SW57-3
Added Pin To Net: NetName=COL9 Pin=SW57-4
Added Pin To Net: NetName=ROW4 Pin=SW58-1
Added Pin To Net: NetName=NetSW58_2 Pin=SW58-2
Added Pin To Net: NetName=NetSW58_2 Pin=SW58-3
Added Pin To Net: NetName=COL10 Pin=SW58-4
Added Pin To Net: NetName=ROW4 Pin=SW59-1
Added Pin To Net: NetName=NetSW59_2 Pin=SW59-2
Added Pin To Net: NetName=NetSW59_2 Pin=SW59-3
Added Pin To Net: NetName=COL11 Pin=SW59-4
Added Pin To Net: NetName=ROW4 Pin=SW60-1
Added Pin To Net: NetName=NetSW60_2 Pin=SW60-2
Added Pin To Net: NetName=NetSW60_2 Pin=SW60-3
Added Pin To Net: NetName=COL12 Pin=SW60-4
Added Pin To Net: NetName=ROW4 Pin=SW61-1
Added Pin To Net: NetName=NetSW61_2 Pin=SW61-2
Added Pin To Net: NetName=NetSW61_2 Pin=SW61-3
Added Pin To Net: NetName=COL13 Pin=SW61-4
Added Pin To Net: NetName=ROW4 Pin=SW62-1
Added Pin To Net: NetName=NetSW62_2 Pin=SW62-2
Added Pin To Net: NetName=NetSW62_2 Pin=SW62-3
Added Pin To Net: NetName=COL14 Pin=SW62-4
Added Pin To Net: NetName=ROW4 Pin=SW63-1
Added Pin To Net: NetName=NetSW63_2 Pin=SW63-2
Added Pin To Net: NetName=NetSW63_2 Pin=SW63-3
Added Pin To Net: NetName=COL15 Pin=SW63-4
Added Pin To Net: NetName=ROW4 Pin=SW64-1
Added Pin To Net: NetName=NetSW64_2 Pin=SW64-2
Added Pin To Net: NetName=NetSW64_2 Pin=SW64-3
Added Pin To Net: NetName=COL16 Pin=SW64-4
Added Pin To Net: NetName=ROW5 Pin=SW65-1
Added Pin To Net: NetName=NetSW65_2 Pin=SW65-2
Added Pin To Net: NetName=NetSW65_2 Pin=SW65-3
Added Pin To Net: NetName=COL1 Pin=SW65-4
Added Pin To Net: NetName=ROW5 Pin=SW66-1
Added Pin To Net: NetName=NetSW66_2 Pin=SW66-2
Added Pin To Net: NetName=NetSW66_2 Pin=SW66-3
Added Pin To Net: NetName=COL2 Pin=SW66-4
Added Pin To Net: NetName=ROW5 Pin=SW67-1
Added Pin To Net: NetName=NetSW67_2 Pin=SW67-2
Added Pin To Net: NetName=NetSW67_2 Pin=SW67-3
Added Pin To Net: NetName=COL3 Pin=SW67-4
Added Pin To Net: NetName=ROW5 Pin=SW68-1
Added Pin To Net: NetName=NetSW68_2 Pin=SW68-2
Added Pin To Net: NetName=NetSW68_2 Pin=SW68-3
Added Pin To Net: NetName=COL4 Pin=SW68-4
Added Pin To Net: NetName=ROW5 Pin=SW69-1
Added Pin To Net: NetName=NetSW69_2 Pin=SW69-2
Added Pin To Net: NetName=NetSW69_2 Pin=SW69-3
Added Pin To Net: NetName=COL5 Pin=SW69-4
Added Pin To Net: NetName=ROW5 Pin=SW70-1
Added Pin To Net: NetName=NetSW70_2 Pin=SW70-2
Added Pin To Net: NetName=NetSW70_2 Pin=SW70-3
Added Pin To Net: NetName=COL6 Pin=SW70-4
Added Pin To Net: NetName=ROW5 Pin=SW71-1
Added Pin To Net: NetName=NetSW71_2 Pin=SW71-2
Added Pin To Net: NetName=NetSW71_2 Pin=SW71-3
Added Pin To Net: NetName=COL7 Pin=SW71-4
Added Pin To Net: NetName=ROW5 Pin=SW72-1
Added Pin To Net: NetName=NetSW72_2 Pin=SW72-2
Added Pin To Net: NetName=NetSW72_2 Pin=SW72-3
Added Pin To Net: NetName=COL8 Pin=SW72-4
Added Pin To Net: NetName=ROW5 Pin=SW73-1
Added Pin To Net: NetName=NetSW73_2 Pin=SW73-2
Added Pin To Net: NetName=NetSW73_2 Pin=SW73-3
Added Pin To Net: NetName=COL9 Pin=SW73-4
Added Pin To Net: NetName=ROW5 Pin=SW74-1
Added Pin To Net: NetName=NetSW74_2 Pin=SW74-2
Added Pin To Net: NetName=NetSW74_2 Pin=SW74-3
Added Pin To Net: NetName=COL10 Pin=SW74-4
Added Pin To Net: NetName=ROW5 Pin=SW75-1
Added Pin To Net: NetName=NetSW75_2 Pin=SW75-2
Added Pin To Net: NetName=NetSW75_2 Pin=SW75-3
Added Pin To Net: NetName=COL11 Pin=SW75-4
Added Pin To Net: NetName=ROW5 Pin=SW76-1
Added Pin To Net: NetName=NetSW76_2 Pin=SW76-2
Added Pin To Net: NetName=NetSW76_2 Pin=SW76-3
Added Pin To Net: NetName=COL12 Pin=SW76-4
Added Pin To Net: NetName=ROW5 Pin=SW77-1
Added Pin To Net: NetName=NetSW77_2 Pin=SW77-2
Added Pin To Net: NetName=NetSW77_2 Pin=SW77-3
Added Pin To Net: NetName=COL13 Pin=SW77-4
Added Pin To Net: NetName=ROW5 Pin=SW78-1
Added Pin To Net: NetName=NetSW78_2 Pin=SW78-2
Added Pin To Net: NetName=NetSW78_2 Pin=SW78-3
Added Pin To Net: NetName=COL14 Pin=SW78-4
Added Pin To Net: NetName=ROW5 Pin=SW79-1
Added Pin To Net: NetName=NetSW79_2 Pin=SW79-2
Added Pin To Net: NetName=NetSW79_2 Pin=SW79-3
Added Pin To Net: NetName=COL15 Pin=SW79-4
Added Pin To Net: NetName=ROW5 Pin=SW80-1
Added Pin To Net: NetName=NetSW80_2 Pin=SW80-2
Added Pin To Net: NetName=NetSW80_2 Pin=SW80-3
Added Pin To Net: NetName=COL16 Pin=SW80-4
Added Pin To Net: NetName=ROW6 Pin=SW81-1
Added Pin To Net: NetName=NetSW81_2 Pin=SW81-2
Added Pin To Net: NetName=NetSW81_2 Pin=SW81-3
Added Pin To Net: NetName=COL1 Pin=SW81-4
Added Pin To Net: NetName=ROW6 Pin=SW82-1
Added Pin To Net: NetName=NetSW82_2 Pin=SW82-2
Added Pin To Net: NetName=NetSW82_2 Pin=SW82-3
Added Pin To Net: NetName=COL2 Pin=SW82-4
Added Pin To Net: NetName=ROW6 Pin=SW83-1
Added Pin To Net: NetName=NetSW83_2 Pin=SW83-2
Added Pin To Net: NetName=NetSW83_2 Pin=SW83-3
Added Pin To Net: NetName=COL3 Pin=SW83-4
Added Pin To Net: NetName=ROW6 Pin=SW84-1
Added Pin To Net: NetName=NetSW84_2 Pin=SW84-2
Added Pin To Net: NetName=NetSW84_2 Pin=SW84-3
Added Pin To Net: NetName=COL4 Pin=SW84-4
Added Pin To Net: NetName=ROW6 Pin=SW85-1
Added Pin To Net: NetName=NetSW85_2 Pin=SW85-2
Added Pin To Net: NetName=NetSW85_2 Pin=SW85-3
Added Pin To Net: NetName=COL5 Pin=SW85-4
Added Pin To Net: NetName=ROW6 Pin=SW86-1
Added Pin To Net: NetName=NetSW86_2 Pin=SW86-2
Added Pin To Net: NetName=NetSW86_2 Pin=SW86-3
Added Pin To Net: NetName=COL6 Pin=SW86-4
Added Pin To Net: NetName=ROW6 Pin=SW87-1
Added Pin To Net: NetName=NetSW87_2 Pin=SW87-2
Added Pin To Net: NetName=NetSW87_2 Pin=SW87-3
Added Pin To Net: NetName=COL7 Pin=SW87-4
Added Pin To Net: NetName=ROW6 Pin=SW88-1
Added Pin To Net: NetName=NetSW88_2 Pin=SW88-2
Added Pin To Net: NetName=NetSW88_2 Pin=SW88-3
Added Pin To Net: NetName=COL8 Pin=SW88-4
Added Pin To Net: NetName=ROW6 Pin=SW89-1
Added Pin To Net: NetName=NetSW89_2 Pin=SW89-2
Added Pin To Net: NetName=NetSW89_2 Pin=SW89-3
Added Pin To Net: NetName=COL9 Pin=SW89-4
Added Pin To Net: NetName=ROW6 Pin=SW90-1
Added Pin To Net: NetName=NetSW90_2 Pin=SW90-2
Added Pin To Net: NetName=NetSW90_2 Pin=SW90-3
Added Pin To Net: NetName=COL10 Pin=SW90-4
Added Pin To Net: NetName=ROW6 Pin=SW91-1
Added Pin To Net: NetName=NetSW91_2 Pin=SW91-2
Added Pin To Net: NetName=NetSW91_2 Pin=SW91-3
Added Pin To Net: NetName=COL11 Pin=SW91-4
Added Pin To Net: NetName=ROW6 Pin=SW92-1
Added Pin To Net: NetName=NetSW92_2 Pin=SW92-2
Added Pin To Net: NetName=NetSW92_2 Pin=SW92-3
Added Pin To Net: NetName=COL12 Pin=SW92-4
Added Pin To Net: NetName=ROW6 Pin=SW93-1
Added Pin To Net: NetName=NetSW93_2 Pin=SW93-2
Added Pin To Net: NetName=NetSW93_2 Pin=SW93-3
Added Pin To Net: NetName=COL13 Pin=SW93-4
Added Pin To Net: NetName=ROW6 Pin=SW94-1
Added Pin To Net: NetName=NetSW94_2 Pin=SW94-2
Added Pin To Net: NetName=NetSW94_2 Pin=SW94-3
Added Pin To Net: NetName=COL14 Pin=SW94-4
Added Pin To Net: NetName=ROW6 Pin=SW95-1
Added Pin To Net: NetName=NetSW95_2 Pin=SW95-2
Added Pin To Net: NetName=NetSW95_2 Pin=SW95-3
Added Pin To Net: NetName=COL15 Pin=SW95-4
Added Pin To Net: NetName=ROW6 Pin=SW96-1
Added Pin To Net: NetName=NetSW96_2 Pin=SW96-2
Added Pin To Net: NetName=NetSW96_2 Pin=SW96-3
Added Pin To Net: NetName=COL16 Pin=SW96-4
Added Class: Name=Sheet1
Added Member To Class: ClassName=keyboard Member=Component D1 LED0
Added Member To Class: ClassName=keyboard Member=Component P1 Header 16X2A
Added Member To Class: ClassName=keyboard Member=Component SW1 MX_SW
Added Member To Class: ClassName=keyboard Member=Component SW2 MX_SW
Added Member To Class: ClassName=keyboard Member=Component SW3 MX_SW
Added Member To Class: ClassName=keyboard Member=Component SW4 MX_SW
Added Member To Class: ClassName=keyboard Member=Component SW5 MX_SW
Added Member To Class: ClassName=keyboard Member=Component SW6 MX_SW
Added Member To Class: ClassName=keyboard Member=Component SW7 MX_SW
Added Member To Class: ClassName=keyboard Member=Component SW8 MX_SW
Added Member To Class: ClassName=keyboard Member=Component SW9 MX_SW
Added Member To Class: ClassName=keyboard Member=Component SW10 MX_SW
Added Member To Class: ClassName=keyboard Member=Component SW11 MX_SW
Added Member To Class: ClassName=keyboard Member=Component SW12 MX_SW
Added Member To Class: ClassName=keyboard Member=Component SW13 MX_SW
Added Member To Class: ClassName=keyboard Member=Component SW14 MX_SW
Added Member To Class: ClassName=keyboard Member=Component SW15 MX_SW
Added Member To Class: ClassName=keyboard Member=Component SW16 MX_SW
Added Member To Class: ClassName=keyboard Member=Component SW17 MX_SW
Added Member To Class: ClassName=keyboard Member=Component SW18 MX_SW
Added Member To Class: ClassName=keyboard Member=Component SW19 MX_SW
Added Member To Class: ClassName=keyboard Member=Component SW20 MX_SW
Added Member To Class: ClassName=keyboard Member=Component SW21 MX_SW
Added Member To Class: ClassName=keyboard Member=Component SW22 MX_SW
Added Member To Class: ClassName=keyboard Member=Component SW23 MX_SW
Added Member To Class: ClassName=keyboard Member=Component SW24 MX_SW
Added Member To Class: ClassName=keyboard Member=Component SW25 MX_SW
Added Member To Class: ClassName=keyboard Member=Component SW26 MX_SW
Added Member To Class: ClassName=keyboard Member=Component SW27 MX_SW
Added Member To Class: ClassName=keyboard Member=Component SW28 MX_SW
Added Member To Class: ClassName=keyboard Member=Component SW29 MX_SW
Added Member To Class: ClassName=keyboard Member=Component SW30 MX_SW
Added Member To Class: ClassName=keyboard Member=Component SW31 MX_SW
Added Member To Class: ClassName=keyboard Member=Component SW32 MX_SW
Added Member To Class: ClassName=keyboard Member=Component SW33 MX_SW
Added Member To Class: ClassName=keyboard Member=Component SW34 MX_SW
Added Member To Class: ClassName=keyboard Member=Component SW35 MX_SW
Added Member To Class: ClassName=keyboard Member=Component SW36 MX_SW
Added Member To Class: ClassName=keyboard Member=Component SW37 MX_SW
Added Member To Class: ClassName=keyboard Member=Component SW38 MX_SW
Added Member To Class: ClassName=keyboard Member=Component SW39 MX_SW
Added Member To Class: ClassName=keyboard Member=Component SW40 MX_SW
Added Member To Class: ClassName=keyboard Member=Component SW41 MX_SW
Added Member To Class: ClassName=keyboard Member=Component SW42 MX_SW
Added Member To Class: ClassName=keyboard Member=Component SW43 MX_SW
Added Member To Class: ClassName=keyboard Member=Component SW44 MX_SW
Added Member To Class: ClassName=keyboard Member=Component SW45 MX_SW
Added Member To Class: ClassName=keyboard Member=Component SW46 MX_SW
Added Member To Class: ClassName=keyboard Member=Component SW47 MX_SW
Added Member To Class: ClassName=keyboard Member=Component SW48 MX_SW
Added Member To Class: ClassName=keyboard Member=Component SW49 MX_SW
Added Member To Class: ClassName=keyboard Member=Component SW50 MX_SW
Added Member To Class: ClassName=keyboard Member=Component SW51 MX_SW
Added Member To Class: ClassName=keyboard Member=Component SW52 MX_SW
Added Member To Class: ClassName=keyboard Member=Component SW53 MX_SW
Added Member To Class: ClassName=keyboard Member=Component SW54 MX_SW
Added Member To Class: ClassName=keyboard Member=Component SW55 MX_SW
Added Member To Class: ClassName=keyboard Member=Component SW56 MX_SW
Added Member To Class: ClassName=keyboard Member=Component SW57 MX_SW
Added Member To Class: ClassName=keyboard Member=Component SW58 MX_SW
Added Member To Class: ClassName=keyboard Member=Component SW59 MX_SW
Added Member To Class: ClassName=keyboard Member=Component SW60 MX_SW
Added Member To Class: ClassName=keyboard Member=Component SW61 MX_SW
Added Member To Class: ClassName=keyboard Member=Component SW62 MX_SW
Added Member To Class: ClassName=keyboard Member=Component SW63 MX_SW
Added Member To Class: ClassName=keyboard Member=Component SW64 MX_SW
Added Member To Class: ClassName=keyboard Member=Component SW65 MX_SW
Added Member To Class: ClassName=keyboard Member=Component SW66 MX_SW
Added Member To Class: ClassName=keyboard Member=Component SW67 MX_SW
Added Member To Class: ClassName=keyboard Member=Component SW68 MX_SW
Added Member To Class: ClassName=keyboard Member=Component SW69 MX_SW
Added Member To Class: ClassName=keyboard Member=Component SW70 MX_SW
Added Member To Class: ClassName=keyboard Member=Component SW71 MX_SW
Added Member To Class: ClassName=keyboard Member=Component SW72 MX_SW
Added Member To Class: ClassName=keyboard Member=Component SW73 MX_SW
Added Member To Class: ClassName=keyboard Member=Component SW74 MX_SW
Added Member To Class: ClassName=keyboard Member=Component SW75 MX_SW
Added Member To Class: ClassName=keyboard Member=Component SW76 MX_SW
Added Member To Class: ClassName=keyboard Member=Component SW77 MX_SW
Added Member To Class: ClassName=keyboard Member=Component SW78 MX_SW
Added Member To Class: ClassName=keyboard Member=Component SW79 MX_SW
Added Member To Class: ClassName=keyboard Member=Component SW80 MX_SW
Added Member To Class: ClassName=keyboard Member=Component SW81 MX_SW
Added Member To Class: ClassName=keyboard Member=Component SW82 MX_SW
Added Member To Class: ClassName=keyboard Member=Component SW83 MX_SW
Added Member To Class: ClassName=keyboard Member=Component SW84 MX_SW
Added Member To Class: ClassName=keyboard Member=Component SW85 MX_SW
Added Member To Class: ClassName=keyboard Member=Component SW86 MX_SW
Added Member To Class: ClassName=keyboard Member=Component SW87 MX_SW
Added Member To Class: ClassName=keyboard Member=Component SW88 MX_SW
Added Member To Class: ClassName=keyboard Member=Component SW89 MX_SW
Added Member To Class: ClassName=keyboard Member=Component SW90 MX_SW
Added Member To Class: ClassName=keyboard Member=Component SW91 MX_SW
Added Member To Class: ClassName=keyboard Member=Component SW92 MX_SW
Added Member To Class: ClassName=keyboard Member=Component SW93 MX_SW
Added Member To Class: ClassName=keyboard Member=Component SW94 MX_SW
Added Member To Class: ClassName=keyboard Member=Component SW95 MX_SW
Added Member To Class: ClassName=keyboard Member=Component SW96 MX_SW
Added Room: Name=keyboard
Added Room: Name=Sheet1
