Added Component: Designator=C1(C0603)
Added Component: Designator=C2(0402_C)
Added Component: Designator=C3(0402_C)
Added Component: Designator=C4(c0603)
Added Component: Designator=C5(c0603)
Added Component: Designator=C6(c0603)
Added Component: Designator=C7(c0603)
Added Component: Designator=C8(c0603)
Added Component: Designator=C9(C0603)
Added Component: Designator=C10(C0603)
Added Component: Designator=C11(C0603)
Added Component: Designator=C12(c0603)
Added Component: Designator=C13(c0603)
Added Component: Designator=C14(c0603)
Added Component: Designator=C15(c0603)
Added Component: Designator=C16(c0603)
Added Component: Designator=C17(0402_C)
Added Component: Designator=C18(c0603)
Added Component: Designator=C19(c0603)
Added Component: Designator=C20(c0603)
Added Component: Designator=C21(c0603)
Added Component: Designator=C22(C0603)
Added Component: Designator=C23(C0603)
Added Component: Designator=C24(C0603)
Added Component: Designator=C25(C0603)
Added Component: Designator=C26(C0603)
Added Component: Designator=C27(C0603)
Added Component: Designator=C28(c0603)
Added Component: Designator=C29(c0603)
Added Component: Designator=C30(c0603)
Added Component: Designator=FPC1(FPC-0.5MM-36P-LCS-SJ-H2.0)
Added Component: Designator=J1(SMA)
Added Component: Designator=K1(SW4X4_SMT)
Added Component: Designator=L1(L0805)
Added Component: Designator=L2(L0603)
Added Component: Designator=L3(L0603)
Added Component: Designator=L4(L0603)
Added Component: Designator=L5(L0603)
Added Component: Designator=L6(L0603)
Added Component: Designator=P1(PH_7PIN_1.25_H-2)
Added Component: Designator=P2(PH_7PIN_1.25_H-2)
Added Component: Designator=R1(R0603)
Added Component: Designator=R2(R0603)
Added Component: Designator=R3(R0603)
Added Component: Designator=R4(r0603)
Added Component: Designator=R5(r0603)
Added Component: Designator=R6(R0603)
Added Component: Designator=R7(r0603)
Added Component: Designator=U1(LQFP64)
Added Component: Designator=U2(VQFN-32_4x4x04P)
Added Component: Designator=U3(QFN-20_4X4X05P)
Added Component: Designator=X1(XTAL-5032-2p)
Added Component: Designator=X2(FC-135)
Added Component: Designator=X3(FA-128)
Added Component: Designator=X4(XTAL-5032-2p)
Added Pin To Net: NetName=NRST Pin=C1-1
Added Pin To Net: NetName=GND Pin=C1-2
Added Pin To Net: NetName=XH_1 Pin=C2-1
Added Pin To Net: NetName=GND Pin=C2-2
Added Pin To Net: NetName=XH_2 Pin=C3-1
Added Pin To Net: NetName=GND Pin=C3-2
Added Pin To Net: NetName=VDDS Pin=C4-1
Added Pin To Net: NetName=GND Pin=C4-2
Added Pin To Net: NetName=VDDS Pin=C5-1
Added Pin To Net: NetName=GND Pin=C5-2
Added Pin To Net: NetName=VDDS Pin=C6-1
Added Pin To Net: NetName=GND Pin=C6-2
Added Pin To Net: NetName=VDDS Pin=C7-1
Added Pin To Net: NetName=GND Pin=C7-2
Added Pin To Net: NetName=VDDS Pin=C8-1
Added Pin To Net: NetName=GND Pin=C8-2
Added Pin To Net: NetName=GND Pin=C9-1
Added Pin To Net: NetName=VDDR Pin=C9-2
Added Pin To Net: NetName=VDDR Pin=C10-1
Added Pin To Net: NetName=GND Pin=C10-2
Added Pin To Net: NetName=VDDR Pin=C11-1
Added Pin To Net: NetName=GND Pin=C11-2
Added Pin To Net: NetName=NetC12_1 Pin=C12-1
Added Pin To Net: NetName=NetC12_2 Pin=C12-2
Added Pin To Net: NetName=BLE_RST Pin=C13-1
Added Pin To Net: NetName=GND Pin=C13-2
Added Pin To Net: NetName=GND Pin=C14-1
Added Pin To Net: NetName=NetC14_2 Pin=C14-2
Added Pin To Net: NetName=GND Pin=C15-1
Added Pin To Net: NetName=NetC12_2 Pin=C15-2
Added Pin To Net: NetName=GND Pin=C16-1
Added Pin To Net: NetName=NetC16_2 Pin=C16-2
Added Pin To Net: NetName=NetC17_1 Pin=C17-1
Added Pin To Net: NetName=GND Pin=C17-2
Added Pin To Net: NetName=GND Pin=C18-1
Added Pin To Net: NetName=NetC18_2 Pin=C18-2
Added Pin To Net: NetName=GND Pin=C19-1
Added Pin To Net: NetName=NetC19_2 Pin=C19-2
Added Pin To Net: NetName=GND Pin=C20-1
Added Pin To Net: NetName=NetC20_2 Pin=C20-2
Added Pin To Net: NetName=GND Pin=C21-1
Added Pin To Net: NetName=NetC21_2 Pin=C21-2
Added Pin To Net: NetName=GND Pin=C22-1
Added Pin To Net: NetName=NetC22_2 Pin=C22-2
Added Pin To Net: NetName=VCC_RF Pin=C23-1
Added Pin To Net: NetName=GND Pin=C23-2
Added Pin To Net: NetName=VCC_RF Pin=C24-1
Added Pin To Net: NetName=GND Pin=C24-2
Added Pin To Net: NetName=NetC25_1 Pin=C25-1
Added Pin To Net: NetName=50OHM,RFI/O Pin=C25-2
Added Pin To Net: NetName=50OHM,RFI/O Pin=C26-1
Added Pin To Net: NetName=GND Pin=C26-2
Added Pin To Net: NetName=NetC27_1 Pin=C27-1
Added Pin To Net: NetName=GND Pin=C27-2
Added Pin To Net: NetName=NetC27_1 Pin=C28-1
Added Pin To Net: NetName=GND Pin=C28-2
Added Pin To Net: NetName=NetC29_1 Pin=C29-1
Added Pin To Net: NetName=GND Pin=C29-2
Added Pin To Net: NetName=NetC30_1 Pin=C30-1
Added Pin To Net: NetName=GND Pin=C30-2
Added Pin To Net: NetName=50OHM,RFI/O Pin=J1-1
Added Pin To Net: NetName=GND Pin=J1-2
Added Pin To Net: NetName=NRST Pin=K1-1
Added Pin To Net: NetName=GND Pin=K1-2
Added Pin To Net: NetName=VDDR Pin=L1-1
Added Pin To Net: NetName=DCDC_SW Pin=L1-2
Added Pin To Net: NetName=NetC14_2 Pin=L2-1
Added Pin To Net: NetName=NetL2_2 Pin=L2-2
Added Pin To Net: NetName=NetC12_2 Pin=L3-1
Added Pin To Net: NetName=NetC14_2 Pin=L3-2
Added Pin To Net: NetName=NetL4_1 Pin=L4-1
Added Pin To Net: NetName=NetC25_1 Pin=L4-2
Added Pin To Net: NetName=NetL4_1 Pin=L5-1
Added Pin To Net: NetName=NetL5_2 Pin=L5-2
Added Pin To Net: NetName=NetL5_2 Pin=L6-1
Added Pin To Net: NetName=NetC27_1 Pin=L6-2
Added Pin To Net: NetName=3V3 Pin=P1-1
Added Pin To Net: NetName=TXD1 Pin=P1-2
Added Pin To Net: NetName=RXD1 Pin=P1-3
Added Pin To Net: NetName=SWDIO Pin=P1-4
Added Pin To Net: NetName=SWCLK Pin=P1-5
Added Pin To Net: NetName=BOOT0 Pin=P1-6
Added Pin To Net: NetName=GND Pin=P1-7
Added Pin To Net: NetName=VDDS Pin=P2-1
Added Pin To Net: NetName=TX_DIO6 Pin=P2-2
Added Pin To Net: NetName=NetP2_4 Pin=P2-4
Added Pin To Net: NetName=NetP2_5 Pin=P2-5
Added Pin To Net: NetName=BLE_RST Pin=P2-6
Added Pin To Net: NetName=GND Pin=P2-7
Added Pin To Net: NetName=NRST Pin=R1-1
Added Pin To Net: NetName=3V3 Pin=R1-2
Added Pin To Net: NetName=3V3 Pin=R2-1
Added Pin To Net: NetName=SWDIO Pin=R2-2
Added Pin To Net: NetName=GND Pin=R3-1
Added Pin To Net: NetName=BOOT0 Pin=R3-2
Added Pin To Net: NetName=BLE_RST Pin=R4-1
Added Pin To Net: NetName=VDDS Pin=R4-2
Added Pin To Net: NetName=NetC16_2 Pin=R5-1
Added Pin To Net: NetName=NetC12_1 Pin=R5-2
Added Pin To Net: NetName=NetR6_1 Pin=R6-1
Added Pin To Net: NetName=GND Pin=R6-2
Added Pin To Net: NetName=NetC29_1 Pin=R7-1
Added Pin To Net: NetName=NetC30_1 Pin=R7-2
Added Pin To Net: NetName=3V3 Pin=U1-1
Added Pin To Net: NetName=XH_1 Pin=U1-5
Added Pin To Net: NetName=XH_2 Pin=U1-6
Added Pin To Net: NetName=BATTERY_DECT Pin=U1-14
Added Pin To Net: NetName=TXD1 Pin=U1-16
Added Pin To Net: NetName=RXD1 Pin=U1-17
Added Pin To Net: NetName=GND Pin=U1-18
Added Pin To Net: NetName=3V3 Pin=U1-19
Added Pin To Net: NetName=CSN Pin=U1-20
Added Pin To Net: NetName=NRF_SCK Pin=U1-21
Added Pin To Net: NetName=MISO Pin=U1-22
Added Pin To Net: NetName=MOSI Pin=U1-23
Added Pin To Net: NetName=CE Pin=U1-24
Added Pin To Net: NetName=IRQ Pin=U1-25
Added Pin To Net: NetName=COL0 Pin=U1-26
Added Pin To Net: NetName=COL1 Pin=U1-27
Added Pin To Net: NetName=COL2 Pin=U1-28
Added Pin To Net: NetName=COL10 Pin=U1-29
Added Pin To Net: NetName=COL11 Pin=U1-30
Added Pin To Net: NetName=GND Pin=U1-31
Added Pin To Net: NetName=3V3 Pin=U1-32
Added Pin To Net: NetName=COL12 Pin=U1-33
Added Pin To Net: NetName=COL13 Pin=U1-34
Added Pin To Net: NetName=COL14 Pin=U1-35
Added Pin To Net: NetName=COL15 Pin=U1-36
Added Pin To Net: NetName=BLE_SRDY Pin=U1-38
Added Pin To Net: NetName=BLE_MRDY Pin=U1-39
Added Pin To Net: NetName=BLE_CMD Pin=U1-40
Added Pin To Net: NetName=BLE_RST Pin=U1-41
Added Pin To Net: NetName=BLE_RX Pin=U1-42
Added Pin To Net: NetName=BLE_TX Pin=U1-43
Added Pin To Net: NetName=USB_DM Pin=U1-44
Added Pin To Net: NetName=USB_DP Pin=U1-45
Added Pin To Net: NetName=SWDIO Pin=U1-46
Added Pin To Net: NetName=GND Pin=U1-47
Added Pin To Net: NetName=3V3 Pin=U1-48
Added Pin To Net: NetName=SWCLK Pin=U1-49
Added Pin To Net: NetName=RGB_CTL Pin=U1-53
Added Pin To Net: NetName=COL3 Pin=U1-55
Added Pin To Net: NetName=COL4 Pin=U1-56
Added Pin To Net: NetName=COL5 Pin=U1-57
Added Pin To Net: NetName=COL6 Pin=U1-58
Added Pin To Net: NetName=COL7 Pin=U1-59
Added Pin To Net: NetName=BOOT0 Pin=U1-60
Added Pin To Net: NetName=COL8 Pin=U1-61
Added Pin To Net: NetName=COL9 Pin=U1-62
Added Pin To Net: NetName=GND Pin=U1-63
Added Pin To Net: NetName=3V3 Pin=U1-64
Added Pin To Net: NetName=NetC14_2 Pin=U2-1
Added Pin To Net: NetName=NetL2_2 Pin=U2-2
Added Pin To Net: NetName=GND Pin=U2-3
Added Pin To Net: NetName=NetC18_2 Pin=U2-5
Added Pin To Net: NetName=NetC19_2 Pin=U2-6
Added Pin To Net: NetName=GND Pin=U2-7
Added Pin To Net: NetName=BLE_RX Pin=U2-10
Added Pin To Net: NetName=VDDS Pin=U2-11
Added Pin To Net: NetName=NetC17_1 Pin=U2-12
Added Pin To Net: NetName=NetP2_4 Pin=U2-13
Added Pin To Net: NetName=NetP2_5 Pin=U2-14
Added Pin To Net: NetName=BLE_TX Pin=U2-15
Added Pin To Net: NetName=GND Pin=U2-17
Added Pin To Net: NetName=DCDC_SW Pin=U2-18
Added Pin To Net: NetName=VDDS Pin=U2-19
Added Pin To Net: NetName=GND Pin=U2-20
Added Pin To Net: NetName=BLE_RST Pin=U2-21
Added Pin To Net: NetName=TX_DIO6 Pin=U2-23
Added Pin To Net: NetName=BLE_CMD Pin=U2-24
Added Pin To Net: NetName=BLE_MRDY Pin=U2-25
Added Pin To Net: NetName=BLE_SRDY Pin=U2-26
Added Pin To Net: NetName=VDDS Pin=U2-27
Added Pin To Net: NetName=VDDR Pin=U2-28
Added Pin To Net: NetName=GND Pin=U2-29
Added Pin To Net: NetName=NetC20_2 Pin=U2-30
Added Pin To Net: NetName=NetC21_2 Pin=U2-31
Added Pin To Net: NetName=VDDR Pin=U2-32
Added Pin To Net: NetName=CE Pin=U3-1
Added Pin To Net: NetName=CSN Pin=U3-2
Added Pin To Net: NetName=NRF_SCK Pin=U3-3
Added Pin To Net: NetName=MOSI Pin=U3-4
Added Pin To Net: NetName=MISO Pin=U3-5
Added Pin To Net: NetName=IRQ Pin=U3-6
Added Pin To Net: NetName=VCC_RF Pin=U3-7
Added Pin To Net: NetName=GND Pin=U3-8
Added Pin To Net: NetName=NetC29_1 Pin=U3-9
Added Pin To Net: NetName=NetC30_1 Pin=U3-10
Added Pin To Net: NetName=NetC27_1 Pin=U3-11
Added Pin To Net: NetName=NetL5_2 Pin=U3-12
Added Pin To Net: NetName=NetL4_1 Pin=U3-13
Added Pin To Net: NetName=GND Pin=U3-14
Added Pin To Net: NetName=VCC_RF Pin=U3-15
Added Pin To Net: NetName=NetR6_1 Pin=U3-16
Added Pin To Net: NetName=GND Pin=U3-17
Added Pin To Net: NetName=VCC_RF Pin=U3-18
Added Pin To Net: NetName=NetC22_2 Pin=U3-19
Added Pin To Net: NetName=GND Pin=U3-20
Added Pin To Net: NetName=XH_2 Pin=X1-1
Added Pin To Net: NetName=XH_1 Pin=X1-2
Added Pin To Net: NetName=NetC19_2 Pin=X2-1
Added Pin To Net: NetName=NetC18_2 Pin=X2-2
Added Pin To Net: NetName=NetC20_2 Pin=X3-1
Added Pin To Net: NetName=GND Pin=X3-2
Added Pin To Net: NetName=NetC21_2 Pin=X3-3
Added Pin To Net: NetName=GND Pin=X3-4
Added Pin To Net: NetName=NetC29_1 Pin=X4-1
Added Pin To Net: NetName=NetC30_1 Pin=X4-2
Added Member To Class: ClassName=core Member=Component C1 100nF
Added Member To Class: ClassName=core Member=Component C2 30pF
Added Member To Class: ClassName=core Member=Component C3 30pF
Added Member To Class: ClassName=ble Member=Component C4 100nF
Added Member To Class: ClassName=ble Member=Component C5 100nF
Added Member To Class: ClassName=ble Member=Component C6 100nF
Added Member To Class: ClassName=ble Member=Component C7 100nF
Added Member To Class: ClassName=ble Member=Component C8 100nF
Added Member To Class: ClassName=ble Member=Component C9 10uF
Added Member To Class: ClassName=ble Member=Component C10 100nF
Added Member To Class: ClassName=ble Member=Component C11 100nF
Added Member To Class: ClassName=ble Member=Component C12 12pF ¡À1%
Added Member To Class: ClassName=ble Member=Component C13 100nF
Added Member To Class: ClassName=ble Member=Component C14 1.2pF ¡À0.1pF
Added Member To Class: ClassName=ble Member=Component C15 1.2pF ¡À0.1pF
Added Member To Class: ClassName=ble Member=Component C16 1.2pF ¡À0.1pF
Added Member To Class: ClassName=ble Member=Component C17 1uF
Added Member To Class: ClassName=ble Member=Component C18 12pF ¡À1%
Added Member To Class: ClassName=ble Member=Component C19 12pF ¡À1%
Added Member To Class: ClassName=ble Member=Component C20 NC
Added Member To Class: ClassName=ble Member=Component C21 NC
Added Member To Class: ClassName=NRF24L01 Member=Component C22 33nF
Added Member To Class: ClassName=NRF24L01 Member=Component C23 10nF
Added Member To Class: ClassName=NRF24L01 Member=Component C24 1nF
Added Member To Class: ClassName=NRF24L01 Member=Component C25 15pF
Added Member To Class: ClassName=NRF24L01 Member=Component C26 1.5pF
Added Member To Class: ClassName=NRF24L01 Member=Component C27 2.2nF
Added Member To Class: ClassName=NRF24L01 Member=Component C28 4.7pF
Added Member To Class: ClassName=NRF24L01 Member=Component C29 22pF
Added Member To Class: ClassName=NRF24L01 Member=Component C30 22pF
Added Member To Class: ClassName=core Member=Component FPC1 AFC07-S36ECC-00
Added Member To Class: ClassName=NRF24L01 Member=Component J1 CON2
Added Member To Class: ClassName=core Member=Component K1 NC
Added Member To Class: ClassName=ble Member=Component L1 10uH ¡À20% 1A
Added Member To Class: ClassName=ble Member=Component L2 15nH ¡À5%
Added Member To Class: ClassName=ble Member=Component L3 2nH ¡À0.3nH
Added Member To Class: ClassName=NRF24L01 Member=Component L4 7.9nH
Added Member To Class: ClassName=NRF24L01 Member=Component L5 12nH
Added Member To Class: ClassName=NRF24L01 Member=Component L6 2.3nH
Added Member To Class: ClassName=core Member=Component P1 CON7-1.27
Added Member To Class: ClassName=ble Member=Component P2 CON7-1.27
Added Member To Class: ClassName=core Member=Component R1 10k
Added Member To Class: ClassName=core Member=Component R2 10k
Added Member To Class: ClassName=core Member=Component R3 10k
Added Member To Class: ClassName=ble Member=Component R4 100k
Added Member To Class: ClassName=ble Member=Component R5 0R
Added Member To Class: ClassName=NRF24L01 Member=Component R6 22K
Added Member To Class: ClassName=NRF24L01 Member=Component R7 1M
Added Member To Class: ClassName=core Member=Component U1 STM32L471RET6
Added Member To Class: ClassName=ble Member=Component U2 CC2640R2FRSM
Added Member To Class: ClassName=NRF24L01 Member=Component U3 NRF24L01
Added Member To Class: ClassName=core Member=Component X1 8MHz 20pF 20ppm
Added Member To Class: ClassName=ble Member=Component X2 FC-135 32.768KHZ 9PF 20PPM
Added Member To Class: ClassName=ble Member=Component X3 FA-128 24MHz 8pF ¡À10ppm
Added Member To Class: ClassName=NRF24L01 Member=Component X4 16M
Added Room: Name=ble
Added Room: Name=core
Added Room: Name=NRF24L01
