Change component parameters: Designator = "C6"; Footprint = "0402_C"; UniqueID = "\XAMVDZIK\UMFQTZJD"
Change component parameters. Clean all parameters for all variants
Change component parameters (AddParameter): Name = "ComponentLink1Description"; Value = "供应商链接"; VariantName = "[No Variations]"
Change component parameters (AddParameter): Name = "ComponentLink1URL"; Value = "http://www.szlcsc.com/product/details_1877.html"; VariantName = "[No Variations]"
Change component parameters (AddParameter): Name = "Notepad"; Value = ""; VariantName = "[No Variations]"
Change component parameters (AddParameter): Name = "Package"; Value = "0402"; VariantName = "[No Variations]"
Change component parameters (AddParameter): Name = "Supplier"; Value = "LC"; VariantName = "[No Variations]"
Change component parameters (AddParameter): Name = "SuppliersPartNumber"; Value = "C1525"; VariantName = "[No Variations]"
Change component parameters: Designator = "C9"; Footprint = "0402_C"; UniqueID = "\PXUUQTRT\XHZLSFSE"
Change component parameters. Clean all parameters for all variants
Change component parameters (AddParameter): Name = "LatestRevisionDate"; Value = "09-Feb-2017"; VariantName = "[No Variations]"
Change component parameters (AddParameter): Name = "LatestRevisionNote"; Value = "SCHlib build"; VariantName = "[No Variations]"
Change component parameters (AddParameter): Name = "Manufacturer"; Value = "村田"; VariantName = "[No Variations]"
Change component parameters (AddParameter): Name = "Manufacturer Part Number"; Value = "GRM1555C1H120FA01D"; VariantName = "[No Variations]"
Change component parameters (AddParameter): Name = "PackageDescription"; Value = "C0402"; VariantName = "[No Variations]"
Change component parameters (AddParameter): Name = "Part Number"; Value = "NEW"; VariantName = "[No Variations]"
Change component parameters (AddParameter): Name = "Publisher"; Value = "ChenYinaho"; VariantName = "[No Variations]"
Change component parameters (AddParameter): Name = "Value"; Value = "12pF ±1%"; VariantName = "[No Variations]"
Change component parameters: Designator = "C10"; Footprint = "0402_C"; UniqueID = "\PXUUQTRT\ATCEQHIT"
Change component parameters. Clean all parameters for all variants
Change component parameters (AddParameter): Name = "LatestRevisionDate"; Value = "09-Feb-2017"; VariantName = "[No Variations]"
Change component parameters (AddParameter): Name = "LatestRevisionNote"; Value = "SCHlib build"; VariantName = "[No Variations]"
Change component parameters (AddParameter): Name = "Manufacturer"; Value = "村田"; VariantName = "[No Variations]"
Change component parameters (AddParameter): Name = "Manufacturer Part Number"; Value = "GRM1555C1H1R2BA01D"; VariantName = "[No Variations]"
Change component parameters (AddParameter): Name = "PackageDescription"; Value = "C0402"; VariantName = "[No Variations]"
Change component parameters (AddParameter): Name = "Part Number"; Value = "NEW"; VariantName = "[No Variations]"
Change component parameters (AddParameter): Name = "Publisher"; Value = "ChenYinaho"; VariantName = "[No Variations]"
Change component parameters (AddParameter): Name = "Value"; Value = "1.2pF ±0.1pF"; VariantName = "[No Variations]"
Change component parameters: Designator = "C11"; Footprint = "0402_C"; UniqueID = "\PXUUQTRT\FTASMUCK"
Change component parameters. Clean all parameters for all variants
Change component parameters (AddParameter): Name = "LatestRevisionDate"; Value = "09-Feb-2017"; VariantName = "[No Variations]"
Change component parameters (AddParameter): Name = "LatestRevisionNote"; Value = "SCHlib build"; VariantName = "[No Variations]"
Change component parameters (AddParameter): Name = "Manufacturer"; Value = "村田"; VariantName = "[No Variations]"
Change component parameters (AddParameter): Name = "Manufacturer Part Number"; Value = "GRM1555C1H1R2BA01D"; VariantName = "[No Variations]"
Change component parameters (AddParameter): Name = "PackageDescription"; Value = "C0402"; VariantName = "[No Variations]"
Change component parameters (AddParameter): Name = "Part Number"; Value = "NEW"; VariantName = "[No Variations]"
Change component parameters (AddParameter): Name = "Publisher"; Value = "ChenYinaho"; VariantName = "[No Variations]"
Change component parameters (AddParameter): Name = "Value"; Value = "1.2pF ±0.1pF"; VariantName = "[No Variations]"
Change component parameters: Designator = "C20"; Footprint = "0402_C"; UniqueID = "\PXUUQTRT\KKEXNNXC"
Change component parameters. Clean all parameters for all variants
Change component parameters (AddParameter): Name = "LatestRevisionDate"; Value = "09-Feb-2017"; VariantName = "[No Variations]"
Change component parameters (AddParameter): Name = "LatestRevisionNote"; Value = "SCHlib build"; VariantName = "[No Variations]"
Change component parameters (AddParameter): Name = "Manufacturer"; Value = "村田"; VariantName = "[No Variations]"
Change component parameters (AddParameter): Name = "Manufacturer Part Number"; Value = "GRM1555C1H120FA01D"; VariantName = "[No Variations]"
Change component parameters (AddParameter): Name = "PackageDescription"; Value = "C0402"; VariantName = "[No Variations]"
Change component parameters (AddParameter): Name = "Part Number"; Value = "NEW"; VariantName = "[No Variations]"
Change component parameters (AddParameter): Name = "Publisher"; Value = "ChenYinaho"; VariantName = "[No Variations]"
Change component parameters (AddParameter): Name = "Value"; Value = "12pF ±1%"; VariantName = "[No Variations]"
Change component parameters: Designator = "C21"; Footprint = "0402_C"; UniqueID = "\PXUUQTRT\WHRKRJEF"
Change component parameters. Clean all parameters for all variants
Change component parameters (AddParameter): Name = "LatestRevisionDate"; Value = "09-Feb-2017"; VariantName = "[No Variations]"
Change component parameters (AddParameter): Name = "LatestRevisionNote"; Value = "SCHlib build"; VariantName = "[No Variations]"
Change component parameters (AddParameter): Name = "Manufacturer"; Value = "村田"; VariantName = "[No Variations]"
Change component parameters (AddParameter): Name = "Manufacturer Part Number"; Value = "GRM1555C1H120FA01D"; VariantName = "[No Variations]"
Change component parameters (AddParameter): Name = "PackageDescription"; Value = "C0402"; VariantName = "[No Variations]"
Change component parameters (AddParameter): Name = "Part Number"; Value = "NEW"; VariantName = "[No Variations]"
Change component parameters (AddParameter): Name = "Publisher"; Value = "ChenYinaho"; VariantName = "[No Variations]"
Change component parameters (AddParameter): Name = "Value"; Value = "12pF ±1%"; VariantName = "[No Variations]"
Change component parameters: Designator = "L1"; Footprint = "LC-0402_L"; UniqueID = "\PXUUQTRT\WPCKJHCG"
Change component parameters. Clean all parameters for all variants
Change component parameters (AddParameter): Name = "LatestRevisionDate"; Value = "09-Feb-2017"; VariantName = "[No Variations]"
Change component parameters (AddParameter): Name = "LatestRevisionNote"; Value = "SCHlib build"; VariantName = "[No Variations]"
Change component parameters (AddParameter): Name = "Manufacturer"; Value = "村田"; VariantName = "[No Variations]"
Change component parameters (AddParameter): Name = "Manufacturer Part Number"; Value = "LQG15HS15NJ02D"; VariantName = "[No Variations]"
Change component parameters (AddParameter): Name = "Part Number"; Value = "NEW"; VariantName = "[No Variations]"
Change component parameters (AddParameter): Name = "Publisher"; Value = "ChenYinaho"; VariantName = "[No Variations]"
Change component parameters (AddParameter): Name = "Value"; Value = "15nH ±5%"; VariantName = "[No Variations]"
Change component parameters: Designator = "L2"; Footprint = "LC-0402_L"; UniqueID = "\PXUUQTRT\ATMZRYCO"
Change component parameters. Clean all parameters for all variants
Change component parameters (AddParameter): Name = "LatestRevisionDate"; Value = "09-Feb-2017"; VariantName = "[No Variations]"
Change component parameters (AddParameter): Name = "LatestRevisionNote"; Value = "SCHlib build"; VariantName = "[No Variations]"
Change component parameters (AddParameter): Name = "Manufacturer"; Value = "村田"; VariantName = "[No Variations]"
Change component parameters (AddParameter): Name = "Manufacturer Part Number"; Value = "LQG15HS2N0S02D"; VariantName = "[No Variations]"
Change component parameters (AddParameter): Name = "Part Number"; Value = "NEW"; VariantName = "[No Variations]"
Change component parameters (AddParameter): Name = "Publisher"; Value = "ChenYinaho"; VariantName = "[No Variations]"
Change component parameters (AddParameter): Name = "Value"; Value = "2nH ±0.3nH"; VariantName = "[No Variations]"
Change component parameters: Designator = "Q2"; Footprint = "sot-23"; UniqueID = "\XAMVDZIK\OJJERFQL"
Change component parameters. Clean all parameters for all variants
Change component parameters (AddParameter): Name = "LatestRevisionDate"; Value = "09-Feb-2017"; VariantName = "[No Variations]"
Change component parameters (AddParameter): Name = "LatestRevisionNote"; Value = "SCHlib build"; VariantName = "[No Variations]"
Change component parameters (AddParameter): Name = "Manufacturer"; Value = "LRC(乐山无线电)"; VariantName = "[No Variations]"
Change component parameters (AddParameter): Name = "Manufacturer Part Number"; Value = "LBSS84LT1G"; VariantName = "[No Variations]"
Change component parameters (AddParameter): Name = "PackageDescription"; Value = "SOT-23(SOT-23-3)"; VariantName = "[No Variations]"
Change component parameters (AddParameter): Name = "Part Number"; Value = "NEW"; VariantName = "[No Variations]"
Change component parameters (AddParameter): Name = "Publisher"; Value = "ChenYinaho"; VariantName = "[No Variations]"
Change component parameters (AddParameter): Name = "Value"; Value = "LBSS84LT1G"; VariantName = "[No Variations]"
Change component parameters: Designator = "X3"; Footprint = "FC-135"; UniqueID = "\PXUUQTRT\IHXLQVRE"
Change component parameters. Clean all parameters for all variants
Change component parameters (AddParameter): Name = "LatestRevisionDate"; Value = "09-Feb-2017"; VariantName = "[No Variations]"
Change component parameters (AddParameter): Name = "LatestRevisionNote"; Value = "SCHlib build"; VariantName = "[No Variations]"
Change component parameters (AddParameter): Name = "Manufacturer"; Value = "EPSON(爱普生)"; VariantName = "[No Variations]"
Change component parameters (AddParameter): Name = "Manufacturer Part Number"; Value = "FC-13532.768KHZ9PF20PPM"; VariantName = "[No Variations]"
Change component parameters (AddParameter): Name = "Part Number"; Value = "NEW"; VariantName = "[No Variations]"
Change component parameters (AddParameter): Name = "Publisher"; Value = "ChenYinaho"; VariantName = "[No Variations]"
Change component parameters (AddParameter): Name = "Value"; Value = "FC-135 32.768KHZ 9PF 20PPM"; VariantName = "[No Variations]"
Change component parameters: Designator = "X4"; Footprint = "FA-128"; UniqueID = "\PXUUQTRT\VSOPPJAB"
Change component parameters. Clean all parameters for all variants
Change component parameters (AddParameter): Name = "LatestRevisionDate"; Value = "09-Feb-2017"; VariantName = "[No Variations]"
Change component parameters (AddParameter): Name = "LatestRevisionNote"; Value = "SCHlib build"; VariantName = "[No Variations]"
Change component parameters (AddParameter): Name = "Manufacturer"; Value = "EPSON(爱普生)"; VariantName = "[No Variations]"
Change component parameters (AddParameter): Name = "Manufacturer Part Number"; Value = "Q22FA12800120"; VariantName = "[No Variations]"
Change component parameters (AddParameter): Name = "Part Number"; Value = "NEW"; VariantName = "[No Variations]"
Change component parameters (AddParameter): Name = "Publisher"; Value = "ChenYinaho"; VariantName = "[No Variations]"
Change component parameters (AddParameter): Name = "Value"; Value = "FA-128 24MHz 8pF ±10ppm"; VariantName = "[No Variations]"
Change Net Color : Old Net Color=RGB(158, 161, 117) New Net Color=RGB(255, 110, 110)
