Removed Pin From Net: NetName=TXD1 Pin=U1-42
Removed Pin From Net: NetName=RXD1 Pin=U1-43
Change Component Designator: OldDesignator=C1 NewDesignator=C29
Change Component Designator: OldDesignator=C2 NewDesignator=C30
Change Component Designator: OldDesignator=C3 NewDesignator=C27
Change Component Designator: OldDesignator=C4 NewDesignator=C28
Change Component Designator: OldDesignator=C5 NewDesignator=C25
Change Component Designator: OldDesignator=C6 NewDesignator=C26
Change Component Designator: OldDesignator=C7 NewDesignator=C22
Change Component Designator: OldDesignator=C8 NewDesignator=C24
Change Component Designator: OldDesignator=C9 NewDesignator=C23
Change Component Designator: OldDesignator=FPC? NewDesignator=FPC1
Change Component Designator: OldDesignator=J2 NewDesignator=J1
Change Component Designator: OldDesignator=L1 NewDesignator=L5
Change Component Designator: OldDesignator=L2 NewDesignator=L6
Change Component Designator: OldDesignator=L3 NewDesignator=L4
Change Component Designator: OldDesignator=R1 NewDesignator=R7
Change Component Designator: OldDesignator=R2 NewDesignator=R6
Change Component Designator: OldDesignator=U1 NewDesignator=U3
Change Component Designator: OldDesignator=X1 NewDesignator=X4
Added Component: Designator=C4(c0603)
Added Component: Designator=C5(c0603)
Added Component: Designator=C6(c0603)
Added Component: Designator=C7(c0603)
Added Component: Designator=C8(c0603)
Added Component: Designator=C9(C0603)
Added Component: Designator=C10(C0603)
Added Component: Designator=C11(C0603)
Added Component: Designator=C12(c0603)
Added Component: Designator=C13(c0603)
Added Component: Designator=C14(c0603)
Added Component: Designator=C15(c0603)
Added Component: Designator=C16(c0603)
Added Component: Designator=C17(0402_C)
Added Component: Designator=C18(c0603)
Added Component: Designator=C19(c0603)
Added Component: Designator=C20(c0603)
Added Component: Designator=C21(c0603)
Added Component: Designator=L1(L0805)
Added Component: Designator=L2(L0603)
Added Component: Designator=L3(L0603)
Added Component: Designator=P2(PH_7PIN_1.25_H-2)
Added Component: Designator=R4(r0603)
Added Component: Designator=R5(r0603)
Added Component: Designator=U2(VQFN-32_4x4x04P)
Added Component: Designator=X2(FC-135)
Added Component: Designator=X3(FA-128)
Added Pin To Net: NetName=GND Pin=C4-2
Added Pin To Net: NetName=GND Pin=C5-2
Added Pin To Net: NetName=GND Pin=C6-2
Added Pin To Net: NetName=GND Pin=C7-2
Added Pin To Net: NetName=GND Pin=C8-2
Added Pin To Net: NetName=GND Pin=C9-1
Added Pin To Net: NetName=GND Pin=C10-2
Added Pin To Net: NetName=GND Pin=C11-2
Added Pin To Net: NetName=GND Pin=C13-2
Added Pin To Net: NetName=GND Pin=C14-1
Added Pin To Net: NetName=GND Pin=C15-1
Added Pin To Net: NetName=GND Pin=C16-1
Added Pin To Net: NetName=GND Pin=C17-2
Added Pin To Net: NetName=GND Pin=C18-1
Added Pin To Net: NetName=GND Pin=C19-1
Added Pin To Net: NetName=GND Pin=C20-1
Added Pin To Net: NetName=GND Pin=C21-1
Added Pin To Net: NetName=GND Pin=P2-7
Added Pin To Net: NetName=TXD1 Pin=U1-16
Added Pin To Net: NetName=RXD1 Pin=U1-17
Added Pin To Net: NetName=GND Pin=U2-3
Added Pin To Net: NetName=GND Pin=U2-7
Added Pin To Net: NetName=GND Pin=U2-17
Added Pin To Net: NetName=GND Pin=U2-20
Added Pin To Net: NetName=GND Pin=U2-29
Added Pin To Net: NetName=GND Pin=X3-2
Added Pin To Net: NetName=GND Pin=X3-4
Change Net Name : Old Net Name=NetC1_1 New Net Name=NetC29_1
Change Net Name : Old Net Name=NetC2_1 New Net Name=NetC30_1
Change Net Name : Old Net Name=NetC3_1 New Net Name=NetC27_1
Change Net Name : Old Net Name=NetC5_1 New Net Name=NetC25_1
Change Net Name : Old Net Name=NetC7_2 New Net Name=NetC22_2
Change Net Name : Old Net Name=NetL1_1 New Net Name=NetL4_1
Change Net Name : Old Net Name=NetL1_2 New Net Name=NetL5_2
Change Net Name : Old Net Name=NetR2_1 New Net Name=NetR6_1
Added Pin To Net: NetName=BLE_CMD Pin=U1-40
Added Pin To Net: NetName=BLE_CMD Pin=U2-24
Added Net: Name=BLE_CMD
Added Pin To Net: NetName=BLE_MRDY Pin=U1-39
Added Pin To Net: NetName=BLE_MRDY Pin=U2-25
Added Net: Name=BLE_MRDY
Added Pin To Net: NetName=BLE_RST Pin=C13-1
Added Pin To Net: NetName=BLE_RST Pin=P2-6
Added Pin To Net: NetName=BLE_RST Pin=R4-1
Added Pin To Net: NetName=BLE_RST Pin=U1-41
Added Pin To Net: NetName=BLE_RST Pin=U2-21
Added Net: Name=BLE_RST
Added Pin To Net: NetName=BLE_RX Pin=U1-42
Added Pin To Net: NetName=BLE_RX Pin=U2-10
Added Net: Name=BLE_RX
Added Pin To Net: NetName=BLE_SRDY Pin=U1-38
Added Pin To Net: NetName=BLE_SRDY Pin=U2-26
Added Net: Name=BLE_SRDY
Added Pin To Net: NetName=BLE_TX Pin=U1-43
Added Pin To Net: NetName=BLE_TX Pin=U2-15
Added Net: Name=BLE_TX
Added Pin To Net: NetName=DCDC_SW Pin=L1-2
Added Pin To Net: NetName=DCDC_SW Pin=U2-18
Added Net: Name=DCDC_SW
Added Pin To Net: NetName=NetC12_1 Pin=C12-1
Added Pin To Net: NetName=NetC12_1 Pin=R5-2
Added Net: Name=NetC12_1
Added Pin To Net: NetName=NetC12_2 Pin=C12-2
Added Pin To Net: NetName=NetC12_2 Pin=C15-2
Added Pin To Net: NetName=NetC12_2 Pin=L3-1
Added Net: Name=NetC12_2
Added Pin To Net: NetName=NetC14_2 Pin=C14-2
Added Pin To Net: NetName=NetC14_2 Pin=L2-1
Added Pin To Net: NetName=NetC14_2 Pin=L3-2
Added Pin To Net: NetName=NetC14_2 Pin=U2-1
Added Net: Name=NetC14_2
Added Pin To Net: NetName=NetC16_2 Pin=C16-2
Added Pin To Net: NetName=NetC16_2 Pin=R5-1
Added Net: Name=NetC16_2
Added Pin To Net: NetName=NetC17_1 Pin=C17-1
Added Pin To Net: NetName=NetC17_1 Pin=U2-12
Added Net: Name=NetC17_1
Added Pin To Net: NetName=NetC18_2 Pin=C18-2
Added Pin To Net: NetName=NetC18_2 Pin=U2-5
Added Pin To Net: NetName=NetC18_2 Pin=X2-2
Added Net: Name=NetC18_2
Added Pin To Net: NetName=NetC19_2 Pin=C19-2
Added Pin To Net: NetName=NetC19_2 Pin=U2-6
Added Pin To Net: NetName=NetC19_2 Pin=X2-1
Added Net: Name=NetC19_2
Added Pin To Net: NetName=NetC20_2 Pin=C20-2
Added Pin To Net: NetName=NetC20_2 Pin=U2-30
Added Pin To Net: NetName=NetC20_2 Pin=X3-1
Added Net: Name=NetC20_2
Added Pin To Net: NetName=NetC21_2 Pin=C21-2
Added Pin To Net: NetName=NetC21_2 Pin=U2-31
Added Pin To Net: NetName=NetC21_2 Pin=X3-3
Added Net: Name=NetC21_2
Added Pin To Net: NetName=NetL2_2 Pin=L2-2
Added Pin To Net: NetName=NetL2_2 Pin=U2-2
Added Net: Name=NetL2_2
Added Pin To Net: NetName=NetP2_4 Pin=P2-4
Added Pin To Net: NetName=NetP2_4 Pin=U2-13
Added Net: Name=NetP2_4
Added Pin To Net: NetName=NetP2_5 Pin=P2-5
Added Pin To Net: NetName=NetP2_5 Pin=U2-14
Added Net: Name=NetP2_5
Added Pin To Net: NetName=TX_DIO6 Pin=P2-2
Added Pin To Net: NetName=TX_DIO6 Pin=U2-23
Added Net: Name=TX_DIO6
Added Pin To Net: NetName=VDDR Pin=C9-2
Added Pin To Net: NetName=VDDR Pin=C10-1
Added Pin To Net: NetName=VDDR Pin=C11-1
Added Pin To Net: NetName=VDDR Pin=L1-1
Added Pin To Net: NetName=VDDR Pin=U2-28
Added Pin To Net: NetName=VDDR Pin=U2-32
Added Net: Name=VDDR
Added Pin To Net: NetName=VDDS Pin=C4-1
Added Pin To Net: NetName=VDDS Pin=C5-1
Added Pin To Net: NetName=VDDS Pin=C6-1
Added Pin To Net: NetName=VDDS Pin=C7-1
Added Pin To Net: NetName=VDDS Pin=C8-1
Added Pin To Net: NetName=VDDS Pin=P2-1
Added Pin To Net: NetName=VDDS Pin=R4-2
Added Pin To Net: NetName=VDDS Pin=U2-11
Added Pin To Net: NetName=VDDS Pin=U2-19
Added Pin To Net: NetName=VDDS Pin=U2-27
Added Net: Name=VDDS
Added Class: Name=ble
Added Room: Name=ble
Added Room: Name=core
Added Room: Name=NRF24L01
